<?xml version="1.0" encoding="UTF-8"?>
<!-- Generated by org.testng.reporters.JUnitReportReporter -->
<testsuite hostname="DESKTOP-QRJIP05" failures="0" tests="7" name="runner_Execution.Exceution" time="134.524" errors="0" timestamp="2025-02-13T17:32:32 IST" skipped="5">
  <testcase classname="runner_Execution.Exceution" name="testCase3" time="2.927"/>
  <system-out/>
  <testcase classname="runner_Execution.Exceution" name="testCase7" time="131.597"/>
  <system-out/>
  <testcase classname="runner_Execution.Exceution" name="testCase1">
    <skipped/>
  </testcase> <!-- testCase1 -->
  <system-out/>
  <testcase classname="runner_Execution.Exceution" name="testCase2">
    <skipped/>
  </testcase> <!-- testCase2 -->
  <system-out/>
  <testcase classname="runner_Execution.Exceution" name="testCase4">
    <skipped/>
  </testcase> <!-- testCase4 -->
  <system-out/>
  <testcase classname="runner_Execution.Exceution" name="testCase6">
    <skipped/>
  </testcase> <!-- testCase6 -->
  <system-out/>
  <testcase classname="runner_Execution.Exceution" name="compareExcelData">
    <skipped/>
  </testcase> <!-- compareExcelData -->
  <system-out/>
</testsuite> <!-- runner_Execution.Exceution -->
