<?xml version="1.0" encoding="UTF-8"?>
<!-- Generated by org.testng.reporters.JUnitReportReporter -->
<testsuite hostname="DESKTOP-QRJIP05" failures="0" tests="17" name="runner_Execution.Exceution" time="261.671" errors="0" timestamp="2025-03-06T11:40:35 IST" skipped="9">
  <testcase classname="runner_Execution.Exceution" name="testCase11" time="32.725"/>
  <system-out/>
  <testcase classname="runner_Execution.Exceution" name="testCase11" time="32.544"/>
  <system-out/>
  <testcase classname="runner_Execution.Exceution" name="testCase11" time="32.510"/>
  <system-out/>
  <testcase classname="runner_Execution.Exceution" name="testCase11" time="32.678"/>
  <system-out/>
  <testcase classname="runner_Execution.Exceution" name="testCase11" time="32.593"/>
  <system-out/>
  <testcase classname="runner_Execution.Exceution" name="testCase11" time="32.889"/>
  <system-out/>
  <testcase classname="runner_Execution.Exceution" name="testCase11" time="32.645"/>
  <system-out/>
  <testcase classname="runner_Execution.Exceution" name="testCase11" time="33.087"/>
  <system-out/>
  <testcase classname="runner_Execution.Exceution" name="testCase1">
    <skipped/>
  </testcase> <!-- testCase1 -->
  <system-out/>
  <testcase classname="runner_Execution.Exceution" name="testCase2">
    <skipped/>
  </testcase> <!-- testCase2 -->
  <system-out/>
  <testcase classname="runner_Execution.Exceution" name="testCase3">
    <skipped/>
  </testcase> <!-- testCase3 -->
  <system-out/>
  <testcase classname="runner_Execution.Exceution" name="testCase4">
    <skipped/>
  </testcase> <!-- testCase4 -->
  <system-out/>
  <testcase classname="runner_Execution.Exceution" name="testCaseGrade">
    <skipped/>
  </testcase> <!-- testCaseGrade -->
  <system-out/>
  <testcase classname="runner_Execution.Exceution" name="testCase6">
    <skipped/>
  </testcase> <!-- testCase6 -->
  <system-out/>
  <testcase classname="runner_Execution.Exceution" name="testCasePaperMark">
    <skipped/>
  </testcase> <!-- testCasePaperMark -->
  <system-out/>
  <testcase classname="runner_Execution.Exceution" name="testReadPdfDataWriteExcel">
    <skipped/>
  </testcase> <!-- testReadPdfDataWriteExcel -->
  <system-out/>
  <testcase classname="runner_Execution.Exceution" name="compareExcelData">
    <skipped/>
  </testcase> <!-- compareExcelData -->
  <system-out/>
</testsuite> <!-- runner_Execution.Exceution -->
