<?xml version="1.0" encoding="UTF-8"?>
<!-- Generated by org.testng.reporters.JUnitReportReporter -->
<testsuite hostname="DESKTOP-QRJIP05" failures="0" tests="33" name="runner_Execution.Exceution" time="787.078" errors="0" timestamp="2025-03-06T13:37:16 IST" skipped="9">
  <testcase classname="runner_Execution.Exceution" name="testCase11" time="32.653"/>
  <system-out/>
  <testcase classname="runner_Execution.Exceution" name="testCase11" time="32.849"/>
  <system-out/>
  <testcase classname="runner_Execution.Exceution" name="testCase11" time="32.812"/>
  <system-out/>
  <testcase classname="runner_Execution.Exceution" name="testCase11" time="32.818"/>
  <system-out/>
  <testcase classname="runner_Execution.Exceution" name="testCase11" time="32.543"/>
  <system-out/>
  <testcase classname="runner_Execution.Exceution" name="testCase11" time="32.659"/>
  <system-out/>
  <testcase classname="runner_Execution.Exceution" name="testCase11" time="32.727"/>
  <system-out/>
  <testcase classname="runner_Execution.Exceution" name="testCase11" time="32.599"/>
  <system-out/>
  <testcase classname="runner_Execution.Exceution" name="testCase11" time="32.825"/>
  <system-out/>
  <testcase classname="runner_Execution.Exceution" name="testCase11" time="32.765"/>
  <system-out/>
  <testcase classname="runner_Execution.Exceution" name="testCase11" time="33.281"/>
  <system-out/>
  <testcase classname="runner_Execution.Exceution" name="testCase11" time="32.895"/>
  <system-out/>
  <testcase classname="runner_Execution.Exceution" name="testCase11" time="32.600"/>
  <system-out/>
  <testcase classname="runner_Execution.Exceution" name="testCase11" time="32.798"/>
  <system-out/>
  <testcase classname="runner_Execution.Exceution" name="testCase11" time="32.959"/>
  <system-out/>
  <testcase classname="runner_Execution.Exceution" name="testCase11" time="32.853"/>
  <system-out/>
  <testcase classname="runner_Execution.Exceution" name="testCase11" time="32.810"/>
  <system-out/>
  <testcase classname="runner_Execution.Exceution" name="testCase11" time="32.977"/>
  <system-out/>
  <testcase classname="runner_Execution.Exceution" name="testCase11" time="32.559"/>
  <system-out/>
  <testcase classname="runner_Execution.Exceution" name="testCase11" time="32.828"/>
  <system-out/>
  <testcase classname="runner_Execution.Exceution" name="testCase11" time="32.517"/>
  <system-out/>
  <testcase classname="runner_Execution.Exceution" name="testCase11" time="33.245"/>
  <system-out/>
  <testcase classname="runner_Execution.Exceution" name="testCase11" time="32.889"/>
  <system-out/>
  <testcase classname="runner_Execution.Exceution" name="testCase11" time="32.617"/>
  <system-out/>
  <testcase classname="runner_Execution.Exceution" name="testCase1">
    <skipped/>
  </testcase> <!-- testCase1 -->
  <system-out/>
  <testcase classname="runner_Execution.Exceution" name="testCase2">
    <skipped/>
  </testcase> <!-- testCase2 -->
  <system-out/>
  <testcase classname="runner_Execution.Exceution" name="testCase3">
    <skipped/>
  </testcase> <!-- testCase3 -->
  <system-out/>
  <testcase classname="runner_Execution.Exceution" name="testCase4">
    <skipped/>
  </testcase> <!-- testCase4 -->
  <system-out/>
  <testcase classname="runner_Execution.Exceution" name="testCaseGrade">
    <skipped/>
  </testcase> <!-- testCaseGrade -->
  <system-out/>
  <testcase classname="runner_Execution.Exceution" name="testCase6">
    <skipped/>
  </testcase> <!-- testCase6 -->
  <system-out/>
  <testcase classname="runner_Execution.Exceution" name="testCasePaperMark">
    <skipped/>
  </testcase> <!-- testCasePaperMark -->
  <system-out/>
  <testcase classname="runner_Execution.Exceution" name="testReadPdfDataWriteExcel">
    <skipped/>
  </testcase> <!-- testReadPdfDataWriteExcel -->
  <system-out/>
  <testcase classname="runner_Execution.Exceution" name="compareExcelData">
    <skipped/>
  </testcase> <!-- compareExcelData -->
  <system-out/>
</testsuite> <!-- runner_Execution.Exceution -->
