<?xml version="1.0" encoding="UTF-8"?>
<!-- Generated by org.testng.reporters.JUnitReportReporter -->
<testsuite hostname="DESKTOP-QRJIP05" failures="0" tests="1529" name="runner_Execution.Exceution" time="46832.477" errors="0" timestamp="2025-03-07T07:57:53 IST" skipped="9">
  <testcase classname="runner_Execution.Exceution" name="testCase11" time="30.148"/>
  <system-out/>
  <testcase classname="runner_Execution.Exceution" name="testCase11" time="30.147"/>
  <system-out/>
  <testcase classname="runner_Execution.Exceution" name="testCase11" time="30.129"/>
  <system-out/>
  <testcase classname="runner_Execution.Exceution" name="testCase11" time="30.201"/>
  <system-out/>
  <testcase classname="runner_Execution.Exceution" name="testCase11" time="30.146"/>
  <system-out/>
  <testcase classname="runner_Execution.Exceution" name="testCase11" time="30.170"/>
  <system-out/>
  <testcase classname="runner_Execution.Exceution" name="testCase11" time="30.171"/>
  <system-out/>
  <testcase classname="runner_Execution.Exceution" name="testCase11" time="30.159"/>
  <system-out/>
  <testcase classname="runner_Execution.Exceution" name="testCase11" time="30.197"/>
  <system-out/>
  <testcase classname="runner_Execution.Exceution" name="testCase11" time="32.983"/>
  <system-out/>
  <testcase classname="runner_Execution.Exceution" name="testCase11" time="30.162"/>
  <system-out/>
  <testcase classname="runner_Execution.Exceution" name="testCase11" time="30.153"/>
  <system-out/>
  <testcase classname="runner_Execution.Exceution" name="testCase11" time="30.133"/>
  <system-out/>
  <testcase classname="runner_Execution.Exceution" name="testCase11" time="30.155"/>
  <system-out/>
  <testcase classname="runner_Execution.Exceution" name="testCase11" time="30.178"/>
  <system-out/>
  <testcase classname="runner_Execution.Exceution" name="testCase11" time="33.680"/>
  <system-out/>
  <testcase classname="runner_Execution.Exceution" name="testCase11" time="30.123"/>
  <system-out/>
  <testcase classname="runner_Execution.Exceution" name="testCase11" time="30.130"/>
  <system-out/>
  <testcase classname="runner_Execution.Exceution" name="testCase11" time="30.185"/>
  <system-out/>
  <testcase classname="runner_Execution.Exceution" name="testCase11" time="30.151"/>
  <system-out/>
  <testcase classname="runner_Execution.Exceution" name="testCase11" time="30.178"/>
  <system-out/>
  <testcase classname="runner_Execution.Exceution" name="testCase11" time="30.157"/>
  <system-out/>
  <testcase classname="runner_Execution.Exceution" name="testCase11" time="30.185"/>
  <system-out/>
  <testcase classname="runner_Execution.Exceution" name="testCase11" time="30.196"/>
  <system-out/>
  <testcase classname="runner_Execution.Exceution" name="testCase11" time="30.160"/>
  <system-out/>
  <testcase classname="runner_Execution.Exceution" name="testCase11" time="30.140"/>
  <system-out/>
  <testcase classname="runner_Execution.Exceution" name="testCase11" time="30.179"/>
  <system-out/>
  <testcase classname="runner_Execution.Exceution" name="testCase11" time="30.133"/>
  <system-out/>
  <testcase classname="runner_Execution.Exceution" name="testCase11" time="30.143"/>
  <system-out/>
  <testcase classname="runner_Execution.Exceution" name="testCase11" time="30.176"/>
  <system-out/>
  <testcase classname="runner_Execution.Exceution" name="testCase11" time="30.127"/>
  <system-out/>
  <testcase classname="runner_Execution.Exceution" name="testCase11" time="30.186"/>
  <system-out/>
  <testcase classname="runner_Execution.Exceution" name="testCase11" time="30.132"/>
  <system-out/>
  <testcase classname="runner_Execution.Exceution" name="testCase11" time="30.127"/>
  <system-out/>
  <testcase classname="runner_Execution.Exceution" name="testCase11" time="33.680"/>
  <system-out/>
  <testcase classname="runner_Execution.Exceution" name="testCase11" time="30.150"/>
  <system-out/>
  <testcase classname="runner_Execution.Exceution" name="testCase11" time="33.682"/>
  <system-out/>
  <testcase classname="runner_Execution.Exceution" name="testCase11" time="33.113"/>
  <system-out/>
  <testcase classname="runner_Execution.Exceution" name="testCase11" time="30.124"/>
  <system-out/>
  <testcase classname="runner_Execution.Exceution" name="testCase11" time="30.151"/>
  <system-out/>
  <testcase classname="runner_Execution.Exceution" name="testCase11" time="30.167"/>
  <system-out/>
  <testcase classname="runner_Execution.Exceution" name="testCase11" time="30.163"/>
  <system-out/>
  <testcase classname="runner_Execution.Exceution" name="testCase11" time="33.565"/>
  <system-out/>
  <testcase classname="runner_Execution.Exceution" name="testCase11" time="30.146"/>
  <system-out/>
  <testcase classname="runner_Execution.Exceution" name="testCase11" time="30.143"/>
  <system-out/>
  <testcase classname="runner_Execution.Exceution" name="testCase11" time="32.902"/>
  <system-out/>
  <testcase classname="runner_Execution.Exceution" name="testCase11" time="30.147"/>
  <system-out/>
  <testcase classname="runner_Execution.Exceution" name="testCase11" time="30.175"/>
  <system-out/>
  <testcase classname="runner_Execution.Exceution" name="testCase11" time="30.137"/>
  <system-out/>
  <testcase classname="runner_Execution.Exceution" name="testCase11" time="33.627"/>
  <system-out/>
  <testcase classname="runner_Execution.Exceution" name="testCase11" time="33.132"/>
  <system-out/>
  <testcase classname="runner_Execution.Exceution" name="testCase11" time="30.139"/>
  <system-out/>
  <testcase classname="runner_Execution.Exceution" name="testCase11" time="30.145"/>
  <system-out/>
  <testcase classname="runner_Execution.Exceution" name="testCase11" time="30.146"/>
  <system-out/>
  <testcase classname="runner_Execution.Exceution" name="testCase11" time="30.189"/>
  <system-out/>
  <testcase classname="runner_Execution.Exceution" name="testCase11" time="30.183"/>
  <system-out/>
  <testcase classname="runner_Execution.Exceution" name="testCase11" time="33.204"/>
  <system-out/>
  <testcase classname="runner_Execution.Exceution" name="testCase11" time="30.114"/>
  <system-out/>
  <testcase classname="runner_Execution.Exceution" name="testCase11" time="30.131"/>
  <system-out/>
  <testcase classname="runner_Execution.Exceution" name="testCase11" time="30.145"/>
  <system-out/>
  <testcase classname="runner_Execution.Exceution" name="testCase11" time="30.145"/>
  <system-out/>
  <testcase classname="runner_Execution.Exceution" name="testCase11" time="30.181"/>
  <system-out/>
  <testcase classname="runner_Execution.Exceution" name="testCase11" time="30.177"/>
  <system-out/>
  <testcase classname="runner_Execution.Exceution" name="testCase11" time="30.145"/>
  <system-out/>
  <testcase classname="runner_Execution.Exceution" name="testCase11" time="30.128"/>
  <system-out/>
  <testcase classname="runner_Execution.Exceution" name="testCase11" time="30.139"/>
  <system-out/>
  <testcase classname="runner_Execution.Exceution" name="testCase11" time="33.815"/>
  <system-out/>
  <testcase classname="runner_Execution.Exceution" name="testCase11" time="30.177"/>
  <system-out/>
  <testcase classname="runner_Execution.Exceution" name="testCase11" time="33.064"/>
  <system-out/>
  <testcase classname="runner_Execution.Exceution" name="testCase11" time="30.180"/>
  <system-out/>
  <testcase classname="runner_Execution.Exceution" name="testCase11" time="33.084"/>
  <system-out/>
  <testcase classname="runner_Execution.Exceution" name="testCase11" time="30.196"/>
  <system-out/>
  <testcase classname="runner_Execution.Exceution" name="testCase11" time="30.154"/>
  <system-out/>
  <testcase classname="runner_Execution.Exceution" name="testCase11" time="30.105"/>
  <system-out/>
  <testcase classname="runner_Execution.Exceution" name="testCase11" time="30.170"/>
  <system-out/>
  <testcase classname="runner_Execution.Exceution" name="testCase11" time="30.160"/>
  <system-out/>
  <testcase classname="runner_Execution.Exceution" name="testCase11" time="30.168"/>
  <system-out/>
  <testcase classname="runner_Execution.Exceution" name="testCase11" time="30.204"/>
  <system-out/>
  <testcase classname="runner_Execution.Exceution" name="testCase11" time="30.145"/>
  <system-out/>
  <testcase classname="runner_Execution.Exceution" name="testCase11" time="30.168"/>
  <system-out/>
  <testcase classname="runner_Execution.Exceution" name="testCase11" time="33.254"/>
  <system-out/>
  <testcase classname="runner_Execution.Exceution" name="testCase11" time="30.182"/>
  <system-out/>
  <testcase classname="runner_Execution.Exceution" name="testCase11" time="30.111"/>
  <system-out/>
  <testcase classname="runner_Execution.Exceution" name="testCase11" time="33.293"/>
  <system-out/>
  <testcase classname="runner_Execution.Exceution" name="testCase11" time="30.150"/>
  <system-out/>
  <testcase classname="runner_Execution.Exceution" name="testCase11" time="30.122"/>
  <system-out/>
  <testcase classname="runner_Execution.Exceution" name="testCase11" time="30.192"/>
  <system-out/>
  <testcase classname="runner_Execution.Exceution" name="testCase11" time="33.642"/>
  <system-out/>
  <testcase classname="runner_Execution.Exceution" name="testCase11" time="30.156"/>
  <system-out/>
  <testcase classname="runner_Execution.Exceution" name="testCase11" time="30.160"/>
  <system-out/>
  <testcase classname="runner_Execution.Exceution" name="testCase11" time="30.174"/>
  <system-out/>
  <testcase classname="runner_Execution.Exceution" name="testCase11" time="30.150"/>
  <system-out/>
  <testcase classname="runner_Execution.Exceution" name="testCase11" time="30.203"/>
  <system-out/>
  <testcase classname="runner_Execution.Exceution" name="testCase11" time="30.175"/>
  <system-out/>
  <testcase classname="runner_Execution.Exceution" name="testCase11" time="30.157"/>
  <system-out/>
  <testcase classname="runner_Execution.Exceution" name="testCase11" time="30.165"/>
  <system-out/>
  <testcase classname="runner_Execution.Exceution" name="testCase11" time="33.105"/>
  <system-out/>
  <testcase classname="runner_Execution.Exceution" name="testCase11" time="33.605"/>
  <system-out/>
  <testcase classname="runner_Execution.Exceution" name="testCase11" time="30.148"/>
  <system-out/>
  <testcase classname="runner_Execution.Exceution" name="testCase11" time="30.140"/>
  <system-out/>
  <testcase classname="runner_Execution.Exceution" name="testCase11" time="33.216"/>
  <system-out/>
  <testcase classname="runner_Execution.Exceution" name="testCase11" time="30.132"/>
  <system-out/>
  <testcase classname="runner_Execution.Exceution" name="testCase11" time="30.180"/>
  <system-out/>
  <testcase classname="runner_Execution.Exceution" name="testCase11" time="30.133"/>
  <system-out/>
  <testcase classname="runner_Execution.Exceution" name="testCase11" time="30.199"/>
  <system-out/>
  <testcase classname="runner_Execution.Exceution" name="testCase11" time="30.183"/>
  <system-out/>
  <testcase classname="runner_Execution.Exceution" name="testCase11" time="33.080"/>
  <system-out/>
  <testcase classname="runner_Execution.Exceution" name="testCase11" time="33.122"/>
  <system-out/>
  <testcase classname="runner_Execution.Exceution" name="testCase11" time="30.192"/>
  <system-out/>
  <testcase classname="runner_Execution.Exceution" name="testCase11" time="30.159"/>
  <system-out/>
  <testcase classname="runner_Execution.Exceution" name="testCase11" time="30.167"/>
  <system-out/>
  <testcase classname="runner_Execution.Exceution" name="testCase11" time="30.206"/>
  <system-out/>
  <testcase classname="runner_Execution.Exceution" name="testCase11" time="30.146"/>
  <system-out/>
  <testcase classname="runner_Execution.Exceution" name="testCase11" time="30.152"/>
  <system-out/>
  <testcase classname="runner_Execution.Exceution" name="testCase11" time="30.153"/>
  <system-out/>
  <testcase classname="runner_Execution.Exceution" name="testCase11" time="33.115"/>
  <system-out/>
  <testcase classname="runner_Execution.Exceution" name="testCase11" time="30.199"/>
  <system-out/>
  <testcase classname="runner_Execution.Exceution" name="testCase11" time="30.121"/>
  <system-out/>
  <testcase classname="runner_Execution.Exceution" name="testCase11" time="30.142"/>
  <system-out/>
  <testcase classname="runner_Execution.Exceution" name="testCase11" time="30.206"/>
  <system-out/>
  <testcase classname="runner_Execution.Exceution" name="testCase11" time="30.139"/>
  <system-out/>
  <testcase classname="runner_Execution.Exceution" name="testCase11" time="33.220"/>
  <system-out/>
  <testcase classname="runner_Execution.Exceution" name="testCase11" time="30.173"/>
  <system-out/>
  <testcase classname="runner_Execution.Exceution" name="testCase11" time="30.181"/>
  <system-out/>
  <testcase classname="runner_Execution.Exceution" name="testCase11" time="33.720"/>
  <system-out/>
  <testcase classname="runner_Execution.Exceution" name="testCase11" time="30.124"/>
  <system-out/>
  <testcase classname="runner_Execution.Exceution" name="testCase11" time="33.159"/>
  <system-out/>
  <testcase classname="runner_Execution.Exceution" name="testCase11" time="33.751"/>
  <system-out/>
  <testcase classname="runner_Execution.Exceution" name="testCase11" time="30.134"/>
  <system-out/>
  <testcase classname="runner_Execution.Exceution" name="testCase11" time="33.146"/>
  <system-out/>
  <testcase classname="runner_Execution.Exceution" name="testCase11" time="33.197"/>
  <system-out/>
  <testcase classname="runner_Execution.Exceution" name="testCase11" time="33.681"/>
  <system-out/>
  <testcase classname="runner_Execution.Exceution" name="testCase11" time="30.178"/>
  <system-out/>
  <testcase classname="runner_Execution.Exceution" name="testCase11" time="30.202"/>
  <system-out/>
  <testcase classname="runner_Execution.Exceution" name="testCase11" time="30.128"/>
  <system-out/>
  <testcase classname="runner_Execution.Exceution" name="testCase11" time="30.150"/>
  <system-out/>
  <testcase classname="runner_Execution.Exceution" name="testCase11" time="30.151"/>
  <system-out/>
  <testcase classname="runner_Execution.Exceution" name="testCase11" time="30.182"/>
  <system-out/>
  <testcase classname="runner_Execution.Exceution" name="testCase11" time="30.173"/>
  <system-out/>
  <testcase classname="runner_Execution.Exceution" name="testCase11" time="30.168"/>
  <system-out/>
  <testcase classname="runner_Execution.Exceution" name="testCase11" time="30.168"/>
  <system-out/>
  <testcase classname="runner_Execution.Exceution" name="testCase11" time="30.133"/>
  <system-out/>
  <testcase classname="runner_Execution.Exceution" name="testCase11" time="30.153"/>
  <system-out/>
  <testcase classname="runner_Execution.Exceution" name="testCase11" time="30.153"/>
  <system-out/>
  <testcase classname="runner_Execution.Exceution" name="testCase11" time="30.108"/>
  <system-out/>
  <testcase classname="runner_Execution.Exceution" name="testCase11" time="30.130"/>
  <system-out/>
  <testcase classname="runner_Execution.Exceution" name="testCase11" time="30.129"/>
  <system-out/>
  <testcase classname="runner_Execution.Exceution" name="testCase11" time="30.111"/>
  <system-out/>
  <testcase classname="runner_Execution.Exceution" name="testCase11" time="30.130"/>
  <system-out/>
  <testcase classname="runner_Execution.Exceution" name="testCase11" time="30.206"/>
  <system-out/>
  <testcase classname="runner_Execution.Exceution" name="testCase11" time="30.126"/>
  <system-out/>
  <testcase classname="runner_Execution.Exceution" name="testCase11" time="30.135"/>
  <system-out/>
  <testcase classname="runner_Execution.Exceution" name="testCase11" time="30.148"/>
  <system-out/>
  <testcase classname="runner_Execution.Exceution" name="testCase11" time="33.192"/>
  <system-out/>
  <testcase classname="runner_Execution.Exceution" name="testCase11" time="30.114"/>
  <system-out/>
  <testcase classname="runner_Execution.Exceution" name="testCase11" time="30.194"/>
  <system-out/>
  <testcase classname="runner_Execution.Exceution" name="testCase11" time="30.191"/>
  <system-out/>
  <testcase classname="runner_Execution.Exceution" name="testCase11" time="30.172"/>
  <system-out/>
  <testcase classname="runner_Execution.Exceution" name="testCase11" time="30.183"/>
  <system-out/>
  <testcase classname="runner_Execution.Exceution" name="testCase11" time="33.233"/>
  <system-out/>
  <testcase classname="runner_Execution.Exceution" name="testCase11" time="30.192"/>
  <system-out/>
  <testcase classname="runner_Execution.Exceution" name="testCase11" time="30.138"/>
  <system-out/>
  <testcase classname="runner_Execution.Exceution" name="testCase11" time="30.150"/>
  <system-out/>
  <testcase classname="runner_Execution.Exceution" name="testCase11" time="30.208"/>
  <system-out/>
  <testcase classname="runner_Execution.Exceution" name="testCase11" time="30.153"/>
  <system-out/>
  <testcase classname="runner_Execution.Exceution" name="testCase11" time="33.141"/>
  <system-out/>
  <testcase classname="runner_Execution.Exceution" name="testCase11" time="30.185"/>
  <system-out/>
  <testcase classname="runner_Execution.Exceution" name="testCase11" time="30.217"/>
  <system-out/>
  <testcase classname="runner_Execution.Exceution" name="testCase11" time="30.157"/>
  <system-out/>
  <testcase classname="runner_Execution.Exceution" name="testCase11" time="30.156"/>
  <system-out/>
  <testcase classname="runner_Execution.Exceution" name="testCase11" time="30.159"/>
  <system-out/>
  <testcase classname="runner_Execution.Exceution" name="testCase11" time="30.130"/>
  <system-out/>
  <testcase classname="runner_Execution.Exceution" name="testCase11" time="30.182"/>
  <system-out/>
  <testcase classname="runner_Execution.Exceution" name="testCase11" time="33.347"/>
  <system-out/>
  <testcase classname="runner_Execution.Exceution" name="testCase11" time="30.130"/>
  <system-out/>
  <testcase classname="runner_Execution.Exceution" name="testCase11" time="30.128"/>
  <system-out/>
  <testcase classname="runner_Execution.Exceution" name="testCase11" time="33.784"/>
  <system-out/>
  <testcase classname="runner_Execution.Exceution" name="testCase11" time="30.167"/>
  <system-out/>
  <testcase classname="runner_Execution.Exceution" name="testCase11" time="30.175"/>
  <system-out/>
  <testcase classname="runner_Execution.Exceution" name="testCase11" time="30.127"/>
  <system-out/>
  <testcase classname="runner_Execution.Exceution" name="testCase11" time="30.146"/>
  <system-out/>
  <testcase classname="runner_Execution.Exceution" name="testCase11" time="30.188"/>
  <system-out/>
  <testcase classname="runner_Execution.Exceution" name="testCase11" time="30.135"/>
  <system-out/>
  <testcase classname="runner_Execution.Exceution" name="testCase11" time="30.192"/>
  <system-out/>
  <testcase classname="runner_Execution.Exceution" name="testCase11" time="30.179"/>
  <system-out/>
  <testcase classname="runner_Execution.Exceution" name="testCase11" time="30.181"/>
  <system-out/>
  <testcase classname="runner_Execution.Exceution" name="testCase11" time="30.175"/>
  <system-out/>
  <testcase classname="runner_Execution.Exceution" name="testCase11" time="30.166"/>
  <system-out/>
  <testcase classname="runner_Execution.Exceution" name="testCase11" time="30.198"/>
  <system-out/>
  <testcase classname="runner_Execution.Exceution" name="testCase11" time="30.137"/>
  <system-out/>
  <testcase classname="runner_Execution.Exceution" name="testCase11" time="30.168"/>
  <system-out/>
  <testcase classname="runner_Execution.Exceution" name="testCase11" time="30.138"/>
  <system-out/>
  <testcase classname="runner_Execution.Exceution" name="testCase11" time="30.136"/>
  <system-out/>
  <testcase classname="runner_Execution.Exceution" name="testCase11" time="30.141"/>
  <system-out/>
  <testcase classname="runner_Execution.Exceution" name="testCase11" time="30.130"/>
  <system-out/>
  <testcase classname="runner_Execution.Exceution" name="testCase11" time="33.143"/>
  <system-out/>
  <testcase classname="runner_Execution.Exceution" name="testCase11" time="33.125"/>
  <system-out/>
  <testcase classname="runner_Execution.Exceution" name="testCase11" time="30.130"/>
  <system-out/>
  <testcase classname="runner_Execution.Exceution" name="testCase11" time="30.145"/>
  <system-out/>
  <testcase classname="runner_Execution.Exceution" name="testCase11" time="30.116"/>
  <system-out/>
  <testcase classname="runner_Execution.Exceution" name="testCase11" time="30.175"/>
  <system-out/>
  <testcase classname="runner_Execution.Exceution" name="testCase11" time="30.138"/>
  <system-out/>
  <testcase classname="runner_Execution.Exceution" name="testCase11" time="33.255"/>
  <system-out/>
  <testcase classname="runner_Execution.Exceution" name="testCase11" time="30.181"/>
  <system-out/>
  <testcase classname="runner_Execution.Exceution" name="testCase11" time="30.149"/>
  <system-out/>
  <testcase classname="runner_Execution.Exceution" name="testCase11" time="30.199"/>
  <system-out/>
  <testcase classname="runner_Execution.Exceution" name="testCase11" time="30.189"/>
  <system-out/>
  <testcase classname="runner_Execution.Exceution" name="testCase11" time="33.099"/>
  <system-out/>
  <testcase classname="runner_Execution.Exceution" name="testCase11" time="33.246"/>
  <system-out/>
  <testcase classname="runner_Execution.Exceution" name="testCase11" time="30.180"/>
  <system-out/>
  <testcase classname="runner_Execution.Exceution" name="testCase11" time="30.185"/>
  <system-out/>
  <testcase classname="runner_Execution.Exceution" name="testCase11" time="30.129"/>
  <system-out/>
  <testcase classname="runner_Execution.Exceution" name="testCase11" time="33.758"/>
  <system-out/>
  <testcase classname="runner_Execution.Exceution" name="testCase11" time="30.168"/>
  <system-out/>
  <testcase classname="runner_Execution.Exceution" name="testCase11" time="30.173"/>
  <system-out/>
  <testcase classname="runner_Execution.Exceution" name="testCase11" time="30.131"/>
  <system-out/>
  <testcase classname="runner_Execution.Exceution" name="testCase11" time="30.138"/>
  <system-out/>
  <testcase classname="runner_Execution.Exceution" name="testCase11" time="33.187"/>
  <system-out/>
  <testcase classname="runner_Execution.Exceution" name="testCase11" time="33.145"/>
  <system-out/>
  <testcase classname="runner_Execution.Exceution" name="testCase11" time="30.138"/>
  <system-out/>
  <testcase classname="runner_Execution.Exceution" name="testCase11" time="30.208"/>
  <system-out/>
  <testcase classname="runner_Execution.Exceution" name="testCase11" time="30.173"/>
  <system-out/>
  <testcase classname="runner_Execution.Exceution" name="testCase11" time="30.176"/>
  <system-out/>
  <testcase classname="runner_Execution.Exceution" name="testCase11" time="33.602"/>
  <system-out/>
  <testcase classname="runner_Execution.Exceution" name="testCase11" time="30.125"/>
  <system-out/>
  <testcase classname="runner_Execution.Exceution" name="testCase11" time="33.358"/>
  <system-out/>
  <testcase classname="runner_Execution.Exceution" name="testCase11" time="33.290"/>
  <system-out/>
  <testcase classname="runner_Execution.Exceution" name="testCase11" time="33.814"/>
  <system-out/>
  <testcase classname="runner_Execution.Exceution" name="testCase11" time="30.154"/>
  <system-out/>
  <testcase classname="runner_Execution.Exceution" name="testCase11" time="33.172"/>
  <system-out/>
  <testcase classname="runner_Execution.Exceution" name="testCase11" time="30.170"/>
  <system-out/>
  <testcase classname="runner_Execution.Exceution" name="testCase11" time="30.142"/>
  <system-out/>
  <testcase classname="runner_Execution.Exceution" name="testCase11" time="30.152"/>
  <system-out/>
  <testcase classname="runner_Execution.Exceution" name="testCase11" time="30.203"/>
  <system-out/>
  <testcase classname="runner_Execution.Exceution" name="testCase11" time="30.143"/>
  <system-out/>
  <testcase classname="runner_Execution.Exceution" name="testCase11" time="30.142"/>
  <system-out/>
  <testcase classname="runner_Execution.Exceution" name="testCase11" time="33.148"/>
  <system-out/>
  <testcase classname="runner_Execution.Exceution" name="testCase11" time="30.195"/>
  <system-out/>
  <testcase classname="runner_Execution.Exceution" name="testCase11" time="33.235"/>
  <system-out/>
  <testcase classname="runner_Execution.Exceution" name="testCase11" time="30.148"/>
  <system-out/>
  <testcase classname="runner_Execution.Exceution" name="testCase11" time="30.146"/>
  <system-out/>
  <testcase classname="runner_Execution.Exceution" name="testCase11" time="33.041"/>
  <system-out/>
  <testcase classname="runner_Execution.Exceution" name="testCase11" time="30.112"/>
  <system-out/>
  <testcase classname="runner_Execution.Exceution" name="testCase11" time="33.258"/>
  <system-out/>
  <testcase classname="runner_Execution.Exceution" name="testCase11" time="30.192"/>
  <system-out/>
  <testcase classname="runner_Execution.Exceution" name="testCase11" time="30.166"/>
  <system-out/>
  <testcase classname="runner_Execution.Exceution" name="testCase11" time="33.083"/>
  <system-out/>
  <testcase classname="runner_Execution.Exceution" name="testCase11" time="30.148"/>
  <system-out/>
  <testcase classname="runner_Execution.Exceution" name="testCase11" time="33.025"/>
  <system-out/>
  <testcase classname="runner_Execution.Exceution" name="testCase11" time="30.165"/>
  <system-out/>
  <testcase classname="runner_Execution.Exceution" name="testCase11" time="33.329"/>
  <system-out/>
  <testcase classname="runner_Execution.Exceution" name="testCase11" time="33.741"/>
  <system-out/>
  <testcase classname="runner_Execution.Exceution" name="testCase11" time="30.200"/>
  <system-out/>
  <testcase classname="runner_Execution.Exceution" name="testCase11" time="30.182"/>
  <system-out/>
  <testcase classname="runner_Execution.Exceution" name="testCase11" time="30.222"/>
  <system-out/>
  <testcase classname="runner_Execution.Exceution" name="testCase11" time="34.298"/>
  <system-out/>
  <testcase classname="runner_Execution.Exceution" name="testCase11" time="30.118"/>
  <system-out/>
  <testcase classname="runner_Execution.Exceution" name="testCase11" time="30.176"/>
  <system-out/>
  <testcase classname="runner_Execution.Exceution" name="testCase11" time="30.141"/>
  <system-out/>
  <testcase classname="runner_Execution.Exceution" name="testCase11" time="30.190"/>
  <system-out/>
  <testcase classname="runner_Execution.Exceution" name="testCase11" time="30.181"/>
  <system-out/>
  <testcase classname="runner_Execution.Exceution" name="testCase11" time="30.118"/>
  <system-out/>
  <testcase classname="runner_Execution.Exceution" name="testCase11" time="30.126"/>
  <system-out/>
  <testcase classname="runner_Execution.Exceution" name="testCase11" time="30.175"/>
  <system-out/>
  <testcase classname="runner_Execution.Exceution" name="testCase11" time="30.135"/>
  <system-out/>
  <testcase classname="runner_Execution.Exceution" name="testCase11" time="30.131"/>
  <system-out/>
  <testcase classname="runner_Execution.Exceution" name="testCase11" time="30.157"/>
  <system-out/>
  <testcase classname="runner_Execution.Exceution" name="testCase11" time="30.190"/>
  <system-out/>
  <testcase classname="runner_Execution.Exceution" name="testCase11" time="34.004"/>
  <system-out/>
  <testcase classname="runner_Execution.Exceution" name="testCase11" time="30.120"/>
  <system-out/>
  <testcase classname="runner_Execution.Exceution" name="testCase11" time="30.149"/>
  <system-out/>
  <testcase classname="runner_Execution.Exceution" name="testCase11" time="30.187"/>
  <system-out/>
  <testcase classname="runner_Execution.Exceution" name="testCase11" time="33.669"/>
  <system-out/>
  <testcase classname="runner_Execution.Exceution" name="testCase11" time="30.113"/>
  <system-out/>
  <testcase classname="runner_Execution.Exceution" name="testCase11" time="30.187"/>
  <system-out/>
  <testcase classname="runner_Execution.Exceution" name="testCase11" time="30.116"/>
  <system-out/>
  <testcase classname="runner_Execution.Exceution" name="testCase11" time="30.184"/>
  <system-out/>
  <testcase classname="runner_Execution.Exceution" name="testCase11" time="30.154"/>
  <system-out/>
  <testcase classname="runner_Execution.Exceution" name="testCase11" time="30.139"/>
  <system-out/>
  <testcase classname="runner_Execution.Exceution" name="testCase11" time="30.197"/>
  <system-out/>
  <testcase classname="runner_Execution.Exceution" name="testCase11" time="30.166"/>
  <system-out/>
  <testcase classname="runner_Execution.Exceution" name="testCase11" time="30.134"/>
  <system-out/>
  <testcase classname="runner_Execution.Exceution" name="testCase11" time="30.155"/>
  <system-out/>
  <testcase classname="runner_Execution.Exceution" name="testCase11" time="30.181"/>
  <system-out/>
  <testcase classname="runner_Execution.Exceution" name="testCase11" time="30.141"/>
  <system-out/>
  <testcase classname="runner_Execution.Exceution" name="testCase11" time="30.156"/>
  <system-out/>
  <testcase classname="runner_Execution.Exceution" name="testCase11" time="30.138"/>
  <system-out/>
  <testcase classname="runner_Execution.Exceution" name="testCase11" time="30.143"/>
  <system-out/>
  <testcase classname="runner_Execution.Exceution" name="testCase11" time="30.154"/>
  <system-out/>
  <testcase classname="runner_Execution.Exceution" name="testCase11" time="30.154"/>
  <system-out/>
  <testcase classname="runner_Execution.Exceution" name="testCase11" time="30.154"/>
  <system-out/>
  <testcase classname="runner_Execution.Exceution" name="testCase11" time="30.119"/>
  <system-out/>
  <testcase classname="runner_Execution.Exceution" name="testCase11" time="30.164"/>
  <system-out/>
  <testcase classname="runner_Execution.Exceution" name="testCase11" time="30.167"/>
  <system-out/>
  <testcase classname="runner_Execution.Exceution" name="testCase11" time="30.116"/>
  <system-out/>
  <testcase classname="runner_Execution.Exceution" name="testCase11" time="30.132"/>
  <system-out/>
  <testcase classname="runner_Execution.Exceution" name="testCase11" time="30.165"/>
  <system-out/>
  <testcase classname="runner_Execution.Exceution" name="testCase11" time="30.204"/>
  <system-out/>
  <testcase classname="runner_Execution.Exceution" name="testCase11" time="30.215"/>
  <system-out/>
  <testcase classname="runner_Execution.Exceution" name="testCase11" time="30.152"/>
  <system-out/>
  <testcase classname="runner_Execution.Exceution" name="testCase11" time="30.211"/>
  <system-out/>
  <testcase classname="runner_Execution.Exceution" name="testCase11" time="30.167"/>
  <system-out/>
  <testcase classname="runner_Execution.Exceution" name="testCase11" time="30.125"/>
  <system-out/>
  <testcase classname="runner_Execution.Exceution" name="testCase11" time="33.891"/>
  <system-out/>
  <testcase classname="runner_Execution.Exceution" name="testCase11" time="30.141"/>
  <system-out/>
  <testcase classname="runner_Execution.Exceution" name="testCase11" time="33.695"/>
  <system-out/>
  <testcase classname="runner_Execution.Exceution" name="testCase11" time="30.149"/>
  <system-out/>
  <testcase classname="runner_Execution.Exceution" name="testCase11" time="30.123"/>
  <system-out/>
  <testcase classname="runner_Execution.Exceution" name="testCase11" time="33.327"/>
  <system-out/>
  <testcase classname="runner_Execution.Exceution" name="testCase11" time="30.124"/>
  <system-out/>
  <testcase classname="runner_Execution.Exceution" name="testCase11" time="32.956"/>
  <system-out/>
  <testcase classname="runner_Execution.Exceution" name="testCase11" time="32.991"/>
  <system-out/>
  <testcase classname="runner_Execution.Exceution" name="testCase11" time="30.202"/>
  <system-out/>
  <testcase classname="runner_Execution.Exceution" name="testCase11" time="30.176"/>
  <system-out/>
  <testcase classname="runner_Execution.Exceution" name="testCase11" time="33.784"/>
  <system-out/>
  <testcase classname="runner_Execution.Exceution" name="testCase11" time="30.180"/>
  <system-out/>
  <testcase classname="runner_Execution.Exceution" name="testCase11" time="30.166"/>
  <system-out/>
  <testcase classname="runner_Execution.Exceution" name="testCase11" time="33.783"/>
  <system-out/>
  <testcase classname="runner_Execution.Exceution" name="testCase11" time="30.167"/>
  <system-out/>
  <testcase classname="runner_Execution.Exceution" name="testCase11" time="30.150"/>
  <system-out/>
  <testcase classname="runner_Execution.Exceution" name="testCase11" time="30.165"/>
  <system-out/>
  <testcase classname="runner_Execution.Exceution" name="testCase11" time="30.130"/>
  <system-out/>
  <testcase classname="runner_Execution.Exceution" name="testCase11" time="30.202"/>
  <system-out/>
  <testcase classname="runner_Execution.Exceution" name="testCase11" time="33.186"/>
  <system-out/>
  <testcase classname="runner_Execution.Exceution" name="testCase11" time="30.187"/>
  <system-out/>
  <testcase classname="runner_Execution.Exceution" name="testCase11" time="33.566"/>
  <system-out/>
  <testcase classname="runner_Execution.Exceution" name="testCase11" time="33.087"/>
  <system-out/>
  <testcase classname="runner_Execution.Exceution" name="testCase11" time="30.158"/>
  <system-out/>
  <testcase classname="runner_Execution.Exceution" name="testCase11" time="30.157"/>
  <system-out/>
  <testcase classname="runner_Execution.Exceution" name="testCase11" time="30.177"/>
  <system-out/>
  <testcase classname="runner_Execution.Exceution" name="testCase11" time="30.150"/>
  <system-out/>
  <testcase classname="runner_Execution.Exceution" name="testCase11" time="33.701"/>
  <system-out/>
  <testcase classname="runner_Execution.Exceution" name="testCase11" time="30.149"/>
  <system-out/>
  <testcase classname="runner_Execution.Exceution" name="testCase11" time="30.184"/>
  <system-out/>
  <testcase classname="runner_Execution.Exceution" name="testCase11" time="30.171"/>
  <system-out/>
  <testcase classname="runner_Execution.Exceution" name="testCase11" time="30.184"/>
  <system-out/>
  <testcase classname="runner_Execution.Exceution" name="testCase11" time="30.208"/>
  <system-out/>
  <testcase classname="runner_Execution.Exceution" name="testCase11" time="30.115"/>
  <system-out/>
  <testcase classname="runner_Execution.Exceution" name="testCase11" time="33.804"/>
  <system-out/>
  <testcase classname="runner_Execution.Exceution" name="testCase11" time="30.183"/>
  <system-out/>
  <testcase classname="runner_Execution.Exceution" name="testCase11" time="33.733"/>
  <system-out/>
  <testcase classname="runner_Execution.Exceution" name="testCase11" time="30.115"/>
  <system-out/>
  <testcase classname="runner_Execution.Exceution" name="testCase11" time="30.134"/>
  <system-out/>
  <testcase classname="runner_Execution.Exceution" name="testCase11" time="30.196"/>
  <system-out/>
  <testcase classname="runner_Execution.Exceution" name="testCase11" time="30.199"/>
  <system-out/>
  <testcase classname="runner_Execution.Exceution" name="testCase11" time="30.134"/>
  <system-out/>
  <testcase classname="runner_Execution.Exceution" name="testCase11" time="30.152"/>
  <system-out/>
  <testcase classname="runner_Execution.Exceution" name="testCase11" time="30.179"/>
  <system-out/>
  <testcase classname="runner_Execution.Exceution" name="testCase11" time="30.111"/>
  <system-out/>
  <testcase classname="runner_Execution.Exceution" name="testCase11" time="30.167"/>
  <system-out/>
  <testcase classname="runner_Execution.Exceution" name="testCase11" time="30.170"/>
  <system-out/>
  <testcase classname="runner_Execution.Exceution" name="testCase11" time="30.131"/>
  <system-out/>
  <testcase classname="runner_Execution.Exceution" name="testCase11" time="30.133"/>
  <system-out/>
  <testcase classname="runner_Execution.Exceution" name="testCase11" time="33.089"/>
  <system-out/>
  <testcase classname="runner_Execution.Exceution" name="testCase11" time="33.842"/>
  <system-out/>
  <testcase classname="runner_Execution.Exceution" name="testCase11" time="30.140"/>
  <system-out/>
  <testcase classname="runner_Execution.Exceution" name="testCase11" time="30.151"/>
  <system-out/>
  <testcase classname="runner_Execution.Exceution" name="testCase11" time="30.107"/>
  <system-out/>
  <testcase classname="runner_Execution.Exceution" name="testCase11" time="30.201"/>
  <system-out/>
  <testcase classname="runner_Execution.Exceution" name="testCase11" time="33.651"/>
  <system-out/>
  <testcase classname="runner_Execution.Exceution" name="testCase11" time="30.161"/>
  <system-out/>
  <testcase classname="runner_Execution.Exceution" name="testCase11" time="30.150"/>
  <system-out/>
  <testcase classname="runner_Execution.Exceution" name="testCase11" time="30.188"/>
  <system-out/>
  <testcase classname="runner_Execution.Exceution" name="testCase11" time="30.125"/>
  <system-out/>
  <testcase classname="runner_Execution.Exceution" name="testCase11" time="30.167"/>
  <system-out/>
  <testcase classname="runner_Execution.Exceution" name="testCase11" time="30.175"/>
  <system-out/>
  <testcase classname="runner_Execution.Exceution" name="testCase11" time="30.155"/>
  <system-out/>
  <testcase classname="runner_Execution.Exceution" name="testCase11" time="30.171"/>
  <system-out/>
  <testcase classname="runner_Execution.Exceution" name="testCase11" time="30.139"/>
  <system-out/>
  <testcase classname="runner_Execution.Exceution" name="testCase11" time="33.171"/>
  <system-out/>
  <testcase classname="runner_Execution.Exceution" name="testCase11" time="30.130"/>
  <system-out/>
  <testcase classname="runner_Execution.Exceution" name="testCase11" time="30.142"/>
  <system-out/>
  <testcase classname="runner_Execution.Exceution" name="testCase11" time="30.128"/>
  <system-out/>
  <testcase classname="runner_Execution.Exceution" name="testCase11" time="30.199"/>
  <system-out/>
  <testcase classname="runner_Execution.Exceution" name="testCase11" time="30.140"/>
  <system-out/>
  <testcase classname="runner_Execution.Exceution" name="testCase11" time="30.197"/>
  <system-out/>
  <testcase classname="runner_Execution.Exceution" name="testCase11" time="30.190"/>
  <system-out/>
  <testcase classname="runner_Execution.Exceution" name="testCase11" time="30.124"/>
  <system-out/>
  <testcase classname="runner_Execution.Exceution" name="testCase11" time="30.171"/>
  <system-out/>
  <testcase classname="runner_Execution.Exceution" name="testCase11" time="30.188"/>
  <system-out/>
  <testcase classname="runner_Execution.Exceution" name="testCase11" time="30.160"/>
  <system-out/>
  <testcase classname="runner_Execution.Exceution" name="testCase11" time="30.191"/>
  <system-out/>
  <testcase classname="runner_Execution.Exceution" name="testCase11" time="30.157"/>
  <system-out/>
  <testcase classname="runner_Execution.Exceution" name="testCase11" time="30.151"/>
  <system-out/>
  <testcase classname="runner_Execution.Exceution" name="testCase11" time="30.125"/>
  <system-out/>
  <testcase classname="runner_Execution.Exceution" name="testCase11" time="33.099"/>
  <system-out/>
  <testcase classname="runner_Execution.Exceution" name="testCase11" time="30.173"/>
  <system-out/>
  <testcase classname="runner_Execution.Exceution" name="testCase11" time="30.119"/>
  <system-out/>
  <testcase classname="runner_Execution.Exceution" name="testCase11" time="30.189"/>
  <system-out/>
  <testcase classname="runner_Execution.Exceution" name="testCase11" time="30.137"/>
  <system-out/>
  <testcase classname="runner_Execution.Exceution" name="testCase11" time="33.049"/>
  <system-out/>
  <testcase classname="runner_Execution.Exceution" name="testCase11" time="30.117"/>
  <system-out/>
  <testcase classname="runner_Execution.Exceution" name="testCase11" time="30.153"/>
  <system-out/>
  <testcase classname="runner_Execution.Exceution" name="testCase11" time="32.875"/>
  <system-out/>
  <testcase classname="runner_Execution.Exceution" name="testCase11" time="30.142"/>
  <system-out/>
  <testcase classname="runner_Execution.Exceution" name="testCase11" time="30.161"/>
  <system-out/>
  <testcase classname="runner_Execution.Exceution" name="testCase11" time="30.135"/>
  <system-out/>
  <testcase classname="runner_Execution.Exceution" name="testCase11" time="30.113"/>
  <system-out/>
  <testcase classname="runner_Execution.Exceution" name="testCase11" time="30.178"/>
  <system-out/>
  <testcase classname="runner_Execution.Exceution" name="testCase11" time="33.553"/>
  <system-out/>
  <testcase classname="runner_Execution.Exceution" name="testCase11" time="30.170"/>
  <system-out/>
  <testcase classname="runner_Execution.Exceution" name="testCase11" time="33.305"/>
  <system-out/>
  <testcase classname="runner_Execution.Exceution" name="testCase11" time="33.696"/>
  <system-out/>
  <testcase classname="runner_Execution.Exceution" name="testCase11" time="30.125"/>
  <system-out/>
  <testcase classname="runner_Execution.Exceution" name="testCase11" time="30.152"/>
  <system-out/>
  <testcase classname="runner_Execution.Exceution" name="testCase11" time="30.130"/>
  <system-out/>
  <testcase classname="runner_Execution.Exceution" name="testCase11" time="30.117"/>
  <system-out/>
  <testcase classname="runner_Execution.Exceution" name="testCase11" time="30.189"/>
  <system-out/>
  <testcase classname="runner_Execution.Exceution" name="testCase11" time="30.143"/>
  <system-out/>
  <testcase classname="runner_Execution.Exceution" name="testCase11" time="33.020"/>
  <system-out/>
  <testcase classname="runner_Execution.Exceution" name="testCase11" time="33.702"/>
  <system-out/>
  <testcase classname="runner_Execution.Exceution" name="testCase11" time="30.178"/>
  <system-out/>
  <testcase classname="runner_Execution.Exceution" name="testCase11" time="30.157"/>
  <system-out/>
  <testcase classname="runner_Execution.Exceution" name="testCase11" time="33.203"/>
  <system-out/>
  <testcase classname="runner_Execution.Exceution" name="testCase11" time="33.628"/>
  <system-out/>
  <testcase classname="runner_Execution.Exceution" name="testCase11" time="33.118"/>
  <system-out/>
  <testcase classname="runner_Execution.Exceution" name="testCase11" time="30.206"/>
  <system-out/>
  <testcase classname="runner_Execution.Exceution" name="testCase11" time="30.129"/>
  <system-out/>
  <testcase classname="runner_Execution.Exceution" name="testCase11" time="30.173"/>
  <system-out/>
  <testcase classname="runner_Execution.Exceution" name="testCase11" time="30.201"/>
  <system-out/>
  <testcase classname="runner_Execution.Exceution" name="testCase11" time="33.045"/>
  <system-out/>
  <testcase classname="runner_Execution.Exceution" name="testCase11" time="30.151"/>
  <system-out/>
  <testcase classname="runner_Execution.Exceution" name="testCase11" time="30.181"/>
  <system-out/>
  <testcase classname="runner_Execution.Exceution" name="testCase11" time="33.896"/>
  <system-out/>
  <testcase classname="runner_Execution.Exceution" name="testCase11" time="30.174"/>
  <system-out/>
  <testcase classname="runner_Execution.Exceution" name="testCase11" time="30.117"/>
  <system-out/>
  <testcase classname="runner_Execution.Exceution" name="testCase11" time="30.189"/>
  <system-out/>
  <testcase classname="runner_Execution.Exceution" name="testCase11" time="30.162"/>
  <system-out/>
  <testcase classname="runner_Execution.Exceution" name="testCase11" time="30.154"/>
  <system-out/>
  <testcase classname="runner_Execution.Exceution" name="testCase11" time="30.198"/>
  <system-out/>
  <testcase classname="runner_Execution.Exceution" name="testCase11" time="30.157"/>
  <system-out/>
  <testcase classname="runner_Execution.Exceution" name="testCase11" time="33.813"/>
  <system-out/>
  <testcase classname="runner_Execution.Exceution" name="testCase11" time="30.156"/>
  <system-out/>
  <testcase classname="runner_Execution.Exceution" name="testCase11" time="33.235"/>
  <system-out/>
  <testcase classname="runner_Execution.Exceution" name="testCase11" time="30.196"/>
  <system-out/>
  <testcase classname="runner_Execution.Exceution" name="testCase11" time="30.146"/>
  <system-out/>
  <testcase classname="runner_Execution.Exceution" name="testCase11" time="30.142"/>
  <system-out/>
  <testcase classname="runner_Execution.Exceution" name="testCase11" time="33.240"/>
  <system-out/>
  <testcase classname="runner_Execution.Exceution" name="testCase11" time="33.805"/>
  <system-out/>
  <testcase classname="runner_Execution.Exceution" name="testCase11" time="30.138"/>
  <system-out/>
  <testcase classname="runner_Execution.Exceution" name="testCase11" time="30.172"/>
  <system-out/>
  <testcase classname="runner_Execution.Exceution" name="testCase11" time="30.150"/>
  <system-out/>
  <testcase classname="runner_Execution.Exceution" name="testCase11" time="30.155"/>
  <system-out/>
  <testcase classname="runner_Execution.Exceution" name="testCase11" time="30.159"/>
  <system-out/>
  <testcase classname="runner_Execution.Exceution" name="testCase11" time="33.249"/>
  <system-out/>
  <testcase classname="runner_Execution.Exceution" name="testCase11" time="30.188"/>
  <system-out/>
  <testcase classname="runner_Execution.Exceution" name="testCase11" time="30.166"/>
  <system-out/>
  <testcase classname="runner_Execution.Exceution" name="testCase11" time="33.167"/>
  <system-out/>
  <testcase classname="runner_Execution.Exceution" name="testCase11" time="30.148"/>
  <system-out/>
  <testcase classname="runner_Execution.Exceution" name="testCase11" time="30.182"/>
  <system-out/>
  <testcase classname="runner_Execution.Exceution" name="testCase11" time="33.620"/>
  <system-out/>
  <testcase classname="runner_Execution.Exceution" name="testCase11" time="30.188"/>
  <system-out/>
  <testcase classname="runner_Execution.Exceution" name="testCase11" time="30.115"/>
  <system-out/>
  <testcase classname="runner_Execution.Exceution" name="testCase11" time="30.123"/>
  <system-out/>
  <testcase classname="runner_Execution.Exceution" name="testCase11" time="30.192"/>
  <system-out/>
  <testcase classname="runner_Execution.Exceution" name="testCase11" time="30.141"/>
  <system-out/>
  <testcase classname="runner_Execution.Exceution" name="testCase11" time="30.165"/>
  <system-out/>
  <testcase classname="runner_Execution.Exceution" name="testCase11" time="30.147"/>
  <system-out/>
  <testcase classname="runner_Execution.Exceution" name="testCase11" time="30.189"/>
  <system-out/>
  <testcase classname="runner_Execution.Exceution" name="testCase11" time="30.161"/>
  <system-out/>
  <testcase classname="runner_Execution.Exceution" name="testCase11" time="30.131"/>
  <system-out/>
  <testcase classname="runner_Execution.Exceution" name="testCase11" time="30.124"/>
  <system-out/>
  <testcase classname="runner_Execution.Exceution" name="testCase11" time="33.641"/>
  <system-out/>
  <testcase classname="runner_Execution.Exceution" name="testCase11" time="30.172"/>
  <system-out/>
  <testcase classname="runner_Execution.Exceution" name="testCase11" time="30.206"/>
  <system-out/>
  <testcase classname="runner_Execution.Exceution" name="testCase11" time="33.138"/>
  <system-out/>
  <testcase classname="runner_Execution.Exceution" name="testCase11" time="30.152"/>
  <system-out/>
  <testcase classname="runner_Execution.Exceution" name="testCase11" time="30.168"/>
  <system-out/>
  <testcase classname="runner_Execution.Exceution" name="testCase11" time="33.187"/>
  <system-out/>
  <testcase classname="runner_Execution.Exceution" name="testCase11" time="30.159"/>
  <system-out/>
  <testcase classname="runner_Execution.Exceution" name="testCase11" time="30.129"/>
  <system-out/>
  <testcase classname="runner_Execution.Exceution" name="testCase11" time="30.163"/>
  <system-out/>
  <testcase classname="runner_Execution.Exceution" name="testCase11" time="30.151"/>
  <system-out/>
  <testcase classname="runner_Execution.Exceution" name="testCase11" time="30.126"/>
  <system-out/>
  <testcase classname="runner_Execution.Exceution" name="testCase11" time="30.183"/>
  <system-out/>
  <testcase classname="runner_Execution.Exceution" name="testCase11" time="30.170"/>
  <system-out/>
  <testcase classname="runner_Execution.Exceution" name="testCase11" time="30.155"/>
  <system-out/>
  <testcase classname="runner_Execution.Exceution" name="testCase11" time="30.119"/>
  <system-out/>
  <testcase classname="runner_Execution.Exceution" name="testCase11" time="30.165"/>
  <system-out/>
  <testcase classname="runner_Execution.Exceution" name="testCase11" time="30.210"/>
  <system-out/>
  <testcase classname="runner_Execution.Exceution" name="testCase11" time="33.769"/>
  <system-out/>
  <testcase classname="runner_Execution.Exceution" name="testCase11" time="30.165"/>
  <system-out/>
  <testcase classname="runner_Execution.Exceution" name="testCase11" time="30.156"/>
  <system-out/>
  <testcase classname="runner_Execution.Exceution" name="testCase11" time="30.195"/>
  <system-out/>
  <testcase classname="runner_Execution.Exceution" name="testCase11" time="30.179"/>
  <system-out/>
  <testcase classname="runner_Execution.Exceution" name="testCase11" time="33.089"/>
  <system-out/>
  <testcase classname="runner_Execution.Exceution" name="testCase11" time="33.114"/>
  <system-out/>
  <testcase classname="runner_Execution.Exceution" name="testCase11" time="30.165"/>
  <system-out/>
  <testcase classname="runner_Execution.Exceution" name="testCase11" time="30.129"/>
  <system-out/>
  <testcase classname="runner_Execution.Exceution" name="testCase11" time="30.136"/>
  <system-out/>
  <testcase classname="runner_Execution.Exceution" name="testCase11" time="30.140"/>
  <system-out/>
  <testcase classname="runner_Execution.Exceution" name="testCase11" time="30.136"/>
  <system-out/>
  <testcase classname="runner_Execution.Exceution" name="testCase11" time="33.108"/>
  <system-out/>
  <testcase classname="runner_Execution.Exceution" name="testCase11" time="30.215"/>
  <system-out/>
  <testcase classname="runner_Execution.Exceution" name="testCase11" time="30.142"/>
  <system-out/>
  <testcase classname="runner_Execution.Exceution" name="testCase11" time="30.193"/>
  <system-out/>
  <testcase classname="runner_Execution.Exceution" name="testCase11" time="33.259"/>
  <system-out/>
  <testcase classname="runner_Execution.Exceution" name="testCase11" time="30.157"/>
  <system-out/>
  <testcase classname="runner_Execution.Exceution" name="testCase11" time="30.215"/>
  <system-out/>
  <testcase classname="runner_Execution.Exceution" name="testCase11" time="30.182"/>
  <system-out/>
  <testcase classname="runner_Execution.Exceution" name="testCase11" time="30.193"/>
  <system-out/>
  <testcase classname="runner_Execution.Exceution" name="testCase11" time="33.215"/>
  <system-out/>
  <testcase classname="runner_Execution.Exceution" name="testCase11" time="30.146"/>
  <system-out/>
  <testcase classname="runner_Execution.Exceution" name="testCase11" time="30.107"/>
  <system-out/>
  <testcase classname="runner_Execution.Exceution" name="testCase11" time="30.149"/>
  <system-out/>
  <testcase classname="runner_Execution.Exceution" name="testCase11" time="30.173"/>
  <system-out/>
  <testcase classname="runner_Execution.Exceution" name="testCase11" time="33.190"/>
  <system-out/>
  <testcase classname="runner_Execution.Exceution" name="testCase11" time="30.154"/>
  <system-out/>
  <testcase classname="runner_Execution.Exceution" name="testCase11" time="30.183"/>
  <system-out/>
  <testcase classname="runner_Execution.Exceution" name="testCase11" time="30.167"/>
  <system-out/>
  <testcase classname="runner_Execution.Exceution" name="testCase11" time="30.178"/>
  <system-out/>
  <testcase classname="runner_Execution.Exceution" name="testCase11" time="33.772"/>
  <system-out/>
  <testcase classname="runner_Execution.Exceution" name="testCase11" time="30.139"/>
  <system-out/>
  <testcase classname="runner_Execution.Exceution" name="testCase11" time="30.129"/>
  <system-out/>
  <testcase classname="runner_Execution.Exceution" name="testCase11" time="30.162"/>
  <system-out/>
  <testcase classname="runner_Execution.Exceution" name="testCase11" time="30.144"/>
  <system-out/>
  <testcase classname="runner_Execution.Exceution" name="testCase11" time="30.111"/>
  <system-out/>
  <testcase classname="runner_Execution.Exceution" name="testCase11" time="30.163"/>
  <system-out/>
  <testcase classname="runner_Execution.Exceution" name="testCase11" time="33.242"/>
  <system-out/>
  <testcase classname="runner_Execution.Exceution" name="testCase11" time="30.150"/>
  <system-out/>
  <testcase classname="runner_Execution.Exceution" name="testCase11" time="33.173"/>
  <system-out/>
  <testcase classname="runner_Execution.Exceution" name="testCase11" time="30.188"/>
  <system-out/>
  <testcase classname="runner_Execution.Exceution" name="testCase11" time="30.173"/>
  <system-out/>
  <testcase classname="runner_Execution.Exceution" name="testCase11" time="30.192"/>
  <system-out/>
  <testcase classname="runner_Execution.Exceution" name="testCase11" time="30.101"/>
  <system-out/>
  <testcase classname="runner_Execution.Exceution" name="testCase11" time="30.116"/>
  <system-out/>
  <testcase classname="runner_Execution.Exceution" name="testCase11" time="30.168"/>
  <system-out/>
  <testcase classname="runner_Execution.Exceution" name="testCase11" time="33.683"/>
  <system-out/>
  <testcase classname="runner_Execution.Exceution" name="testCase11" time="32.999"/>
  <system-out/>
  <testcase classname="runner_Execution.Exceution" name="testCase11" time="30.105"/>
  <system-out/>
  <testcase classname="runner_Execution.Exceution" name="testCase11" time="30.135"/>
  <system-out/>
  <testcase classname="runner_Execution.Exceution" name="testCase11" time="33.262"/>
  <system-out/>
  <testcase classname="runner_Execution.Exceution" name="testCase11" time="30.134"/>
  <system-out/>
  <testcase classname="runner_Execution.Exceution" name="testCase11" time="30.174"/>
  <system-out/>
  <testcase classname="runner_Execution.Exceution" name="testCase11" time="33.811"/>
  <system-out/>
  <testcase classname="runner_Execution.Exceution" name="testCase11" time="30.181"/>
  <system-out/>
  <testcase classname="runner_Execution.Exceution" name="testCase11" time="30.194"/>
  <system-out/>
  <testcase classname="runner_Execution.Exceution" name="testCase11" time="30.124"/>
  <system-out/>
  <testcase classname="runner_Execution.Exceution" name="testCase11" time="30.172"/>
  <system-out/>
  <testcase classname="runner_Execution.Exceution" name="testCase11" time="30.153"/>
  <system-out/>
  <testcase classname="runner_Execution.Exceution" name="testCase11" time="30.180"/>
  <system-out/>
  <testcase classname="runner_Execution.Exceution" name="testCase11" time="30.179"/>
  <system-out/>
  <testcase classname="runner_Execution.Exceution" name="testCase11" time="30.199"/>
  <system-out/>
  <testcase classname="runner_Execution.Exceution" name="testCase11" time="30.150"/>
  <system-out/>
  <testcase classname="runner_Execution.Exceution" name="testCase11" time="30.158"/>
  <system-out/>
  <testcase classname="runner_Execution.Exceution" name="testCase11" time="30.198"/>
  <system-out/>
  <testcase classname="runner_Execution.Exceution" name="testCase11" time="30.151"/>
  <system-out/>
  <testcase classname="runner_Execution.Exceution" name="testCase11" time="30.149"/>
  <system-out/>
  <testcase classname="runner_Execution.Exceution" name="testCase11" time="30.189"/>
  <system-out/>
  <testcase classname="runner_Execution.Exceution" name="testCase11" time="30.152"/>
  <system-out/>
  <testcase classname="runner_Execution.Exceution" name="testCase11" time="30.128"/>
  <system-out/>
  <testcase classname="runner_Execution.Exceution" name="testCase11" time="30.137"/>
  <system-out/>
  <testcase classname="runner_Execution.Exceution" name="testCase11" time="30.138"/>
  <system-out/>
  <testcase classname="runner_Execution.Exceution" name="testCase11" time="30.155"/>
  <system-out/>
  <testcase classname="runner_Execution.Exceution" name="testCase11" time="30.161"/>
  <system-out/>
  <testcase classname="runner_Execution.Exceution" name="testCase11" time="30.135"/>
  <system-out/>
  <testcase classname="runner_Execution.Exceution" name="testCase11" time="30.155"/>
  <system-out/>
  <testcase classname="runner_Execution.Exceution" name="testCase11" time="33.324"/>
  <system-out/>
  <testcase classname="runner_Execution.Exceution" name="testCase11" time="30.176"/>
  <system-out/>
  <testcase classname="runner_Execution.Exceution" name="testCase11" time="30.119"/>
  <system-out/>
  <testcase classname="runner_Execution.Exceution" name="testCase11" time="30.134"/>
  <system-out/>
  <testcase classname="runner_Execution.Exceution" name="testCase11" time="30.181"/>
  <system-out/>
  <testcase classname="runner_Execution.Exceution" name="testCase11" time="30.179"/>
  <system-out/>
  <testcase classname="runner_Execution.Exceution" name="testCase11" time="33.268"/>
  <system-out/>
  <testcase classname="runner_Execution.Exceution" name="testCase11" time="33.249"/>
  <system-out/>
  <testcase classname="runner_Execution.Exceution" name="testCase11" time="30.175"/>
  <system-out/>
  <testcase classname="runner_Execution.Exceution" name="testCase11" time="30.195"/>
  <system-out/>
  <testcase classname="runner_Execution.Exceution" name="testCase11" time="30.133"/>
  <system-out/>
  <testcase classname="runner_Execution.Exceution" name="testCase11" time="30.167"/>
  <system-out/>
  <testcase classname="runner_Execution.Exceution" name="testCase11" time="30.150"/>
  <system-out/>
  <testcase classname="runner_Execution.Exceution" name="testCase11" time="33.759"/>
  <system-out/>
  <testcase classname="runner_Execution.Exceution" name="testCase11" time="30.155"/>
  <system-out/>
  <testcase classname="runner_Execution.Exceution" name="testCase11" time="33.144"/>
  <system-out/>
  <testcase classname="runner_Execution.Exceution" name="testCase11" time="33.288"/>
  <system-out/>
  <testcase classname="runner_Execution.Exceution" name="testCase11" time="30.171"/>
  <system-out/>
  <testcase classname="runner_Execution.Exceution" name="testCase11" time="30.151"/>
  <system-out/>
  <testcase classname="runner_Execution.Exceution" name="testCase11" time="30.134"/>
  <system-out/>
  <testcase classname="runner_Execution.Exceution" name="testCase11" time="33.558"/>
  <system-out/>
  <testcase classname="runner_Execution.Exceution" name="testCase11" time="30.156"/>
  <system-out/>
  <testcase classname="runner_Execution.Exceution" name="testCase11" time="30.178"/>
  <system-out/>
  <testcase classname="runner_Execution.Exceution" name="testCase11" time="30.214"/>
  <system-out/>
  <testcase classname="runner_Execution.Exceution" name="testCase11" time="30.157"/>
  <system-out/>
  <testcase classname="runner_Execution.Exceution" name="testCase11" time="30.123"/>
  <system-out/>
  <testcase classname="runner_Execution.Exceution" name="testCase11" time="30.162"/>
  <system-out/>
  <testcase classname="runner_Execution.Exceution" name="testCase11" time="30.194"/>
  <system-out/>
  <testcase classname="runner_Execution.Exceution" name="testCase11" time="30.152"/>
  <system-out/>
  <testcase classname="runner_Execution.Exceution" name="testCase11" time="30.154"/>
  <system-out/>
  <testcase classname="runner_Execution.Exceution" name="testCase11" time="33.187"/>
  <system-out/>
  <testcase classname="runner_Execution.Exceution" name="testCase11" time="33.721"/>
  <system-out/>
  <testcase classname="runner_Execution.Exceution" name="testCase11" time="30.178"/>
  <system-out/>
  <testcase classname="runner_Execution.Exceution" name="testCase11" time="30.203"/>
  <system-out/>
  <testcase classname="runner_Execution.Exceution" name="testCase11" time="30.190"/>
  <system-out/>
  <testcase classname="runner_Execution.Exceution" name="testCase11" time="30.144"/>
  <system-out/>
  <testcase classname="runner_Execution.Exceution" name="testCase11" time="30.148"/>
  <system-out/>
  <testcase classname="runner_Execution.Exceution" name="testCase11" time="30.140"/>
  <system-out/>
  <testcase classname="runner_Execution.Exceution" name="testCase11" time="30.163"/>
  <system-out/>
  <testcase classname="runner_Execution.Exceution" name="testCase11" time="30.156"/>
  <system-out/>
  <testcase classname="runner_Execution.Exceution" name="testCase11" time="33.116"/>
  <system-out/>
  <testcase classname="runner_Execution.Exceution" name="testCase11" time="30.165"/>
  <system-out/>
  <testcase classname="runner_Execution.Exceution" name="testCase11" time="30.181"/>
  <system-out/>
  <testcase classname="runner_Execution.Exceution" name="testCase11" time="30.178"/>
  <system-out/>
  <testcase classname="runner_Execution.Exceution" name="testCase11" time="30.150"/>
  <system-out/>
  <testcase classname="runner_Execution.Exceution" name="testCase11" time="30.143"/>
  <system-out/>
  <testcase classname="runner_Execution.Exceution" name="testCase11" time="30.173"/>
  <system-out/>
  <testcase classname="runner_Execution.Exceution" name="testCase11" time="33.115"/>
  <system-out/>
  <testcase classname="runner_Execution.Exceution" name="testCase11" time="30.163"/>
  <system-out/>
  <testcase classname="runner_Execution.Exceution" name="testCase11" time="30.189"/>
  <system-out/>
  <testcase classname="runner_Execution.Exceution" name="testCase11" time="30.192"/>
  <system-out/>
  <testcase classname="runner_Execution.Exceution" name="testCase11" time="30.125"/>
  <system-out/>
  <testcase classname="runner_Execution.Exceution" name="testCase11" time="30.198"/>
  <system-out/>
  <testcase classname="runner_Execution.Exceution" name="testCase11" time="30.149"/>
  <system-out/>
  <testcase classname="runner_Execution.Exceution" name="testCase11" time="30.182"/>
  <system-out/>
  <testcase classname="runner_Execution.Exceution" name="testCase11" time="30.160"/>
  <system-out/>
  <testcase classname="runner_Execution.Exceution" name="testCase11" time="33.158"/>
  <system-out/>
  <testcase classname="runner_Execution.Exceution" name="testCase11" time="33.780"/>
  <system-out/>
  <testcase classname="runner_Execution.Exceution" name="testCase11" time="30.167"/>
  <system-out/>
  <testcase classname="runner_Execution.Exceution" name="testCase11" time="30.130"/>
  <system-out/>
  <testcase classname="runner_Execution.Exceution" name="testCase11" time="30.169"/>
  <system-out/>
  <testcase classname="runner_Execution.Exceution" name="testCase11" time="33.266"/>
  <system-out/>
  <testcase classname="runner_Execution.Exceution" name="testCase11" time="30.154"/>
  <system-out/>
  <testcase classname="runner_Execution.Exceution" name="testCase11" time="30.140"/>
  <system-out/>
  <testcase classname="runner_Execution.Exceution" name="testCase11" time="33.773"/>
  <system-out/>
  <testcase classname="runner_Execution.Exceution" name="testCase11" time="30.139"/>
  <system-out/>
  <testcase classname="runner_Execution.Exceution" name="testCase11" time="30.151"/>
  <system-out/>
  <testcase classname="runner_Execution.Exceution" name="testCase11" time="30.127"/>
  <system-out/>
  <testcase classname="runner_Execution.Exceution" name="testCase11" time="33.779"/>
  <system-out/>
  <testcase classname="runner_Execution.Exceution" name="testCase11" time="30.150"/>
  <system-out/>
  <testcase classname="runner_Execution.Exceution" name="testCase11" time="30.134"/>
  <system-out/>
  <testcase classname="runner_Execution.Exceution" name="testCase11" time="30.141"/>
  <system-out/>
  <testcase classname="runner_Execution.Exceution" name="testCase11" time="30.134"/>
  <system-out/>
  <testcase classname="runner_Execution.Exceution" name="testCase11" time="30.128"/>
  <system-out/>
  <testcase classname="runner_Execution.Exceution" name="testCase11" time="30.146"/>
  <system-out/>
  <testcase classname="runner_Execution.Exceution" name="testCase11" time="30.165"/>
  <system-out/>
  <testcase classname="runner_Execution.Exceution" name="testCase11" time="30.188"/>
  <system-out/>
  <testcase classname="runner_Execution.Exceution" name="testCase11" time="33.680"/>
  <system-out/>
  <testcase classname="runner_Execution.Exceution" name="testCase11" time="33.738"/>
  <system-out/>
  <testcase classname="runner_Execution.Exceution" name="testCase11" time="30.166"/>
  <system-out/>
  <testcase classname="runner_Execution.Exceution" name="testCase11" time="33.253"/>
  <system-out/>
  <testcase classname="runner_Execution.Exceution" name="testCase11" time="30.142"/>
  <system-out/>
  <testcase classname="runner_Execution.Exceution" name="testCase11" time="30.178"/>
  <system-out/>
  <testcase classname="runner_Execution.Exceution" name="testCase11" time="30.123"/>
  <system-out/>
  <testcase classname="runner_Execution.Exceution" name="testCase11" time="30.210"/>
  <system-out/>
  <testcase classname="runner_Execution.Exceution" name="testCase11" time="33.253"/>
  <system-out/>
  <testcase classname="runner_Execution.Exceution" name="testCase11" time="30.203"/>
  <system-out/>
  <testcase classname="runner_Execution.Exceution" name="testCase11" time="30.118"/>
  <system-out/>
  <testcase classname="runner_Execution.Exceution" name="testCase11" time="30.178"/>
  <system-out/>
  <testcase classname="runner_Execution.Exceution" name="testCase11" time="33.147"/>
  <system-out/>
  <testcase classname="runner_Execution.Exceution" name="testCase11" time="30.151"/>
  <system-out/>
  <testcase classname="runner_Execution.Exceution" name="testCase11" time="33.109"/>
  <system-out/>
  <testcase classname="runner_Execution.Exceution" name="testCase11" time="30.172"/>
  <system-out/>
  <testcase classname="runner_Execution.Exceution" name="testCase11" time="30.179"/>
  <system-out/>
  <testcase classname="runner_Execution.Exceution" name="testCase11" time="30.161"/>
  <system-out/>
  <testcase classname="runner_Execution.Exceution" name="testCase11" time="30.191"/>
  <system-out/>
  <testcase classname="runner_Execution.Exceution" name="testCase11" time="33.237"/>
  <system-out/>
  <testcase classname="runner_Execution.Exceution" name="testCase11" time="33.725"/>
  <system-out/>
  <testcase classname="runner_Execution.Exceution" name="testCase11" time="30.196"/>
  <system-out/>
  <testcase classname="runner_Execution.Exceution" name="testCase11" time="33.229"/>
  <system-out/>
  <testcase classname="runner_Execution.Exceution" name="testCase11" time="33.706"/>
  <system-out/>
  <testcase classname="runner_Execution.Exceution" name="testCase11" time="33.167"/>
  <system-out/>
  <testcase classname="runner_Execution.Exceution" name="testCase11" time="30.157"/>
  <system-out/>
  <testcase classname="runner_Execution.Exceution" name="testCase11" time="30.200"/>
  <system-out/>
  <testcase classname="runner_Execution.Exceution" name="testCase11" time="30.186"/>
  <system-out/>
  <testcase classname="runner_Execution.Exceution" name="testCase11" time="30.159"/>
  <system-out/>
  <testcase classname="runner_Execution.Exceution" name="testCase11" time="30.140"/>
  <system-out/>
  <testcase classname="runner_Execution.Exceution" name="testCase11" time="30.200"/>
  <system-out/>
  <testcase classname="runner_Execution.Exceution" name="testCase11" time="30.147"/>
  <system-out/>
  <testcase classname="runner_Execution.Exceution" name="testCase11" time="30.113"/>
  <system-out/>
  <testcase classname="runner_Execution.Exceution" name="testCase11" time="30.150"/>
  <system-out/>
  <testcase classname="runner_Execution.Exceution" name="testCase11" time="30.155"/>
  <system-out/>
  <testcase classname="runner_Execution.Exceution" name="testCase11" time="30.151"/>
  <system-out/>
  <testcase classname="runner_Execution.Exceution" name="testCase11" time="33.373"/>
  <system-out/>
  <testcase classname="runner_Execution.Exceution" name="testCase11" time="30.133"/>
  <system-out/>
  <testcase classname="runner_Execution.Exceution" name="testCase11" time="33.232"/>
  <system-out/>
  <testcase classname="runner_Execution.Exceution" name="testCase11" time="30.136"/>
  <system-out/>
  <testcase classname="runner_Execution.Exceution" name="testCase11" time="30.129"/>
  <system-out/>
  <testcase classname="runner_Execution.Exceution" name="testCase11" time="66.779"/>
  <system-out/>
  <testcase classname="runner_Execution.Exceution" name="testCase11" time="33.950"/>
  <system-out/>
  <testcase classname="runner_Execution.Exceution" name="testCase11" time="33.130"/>
  <system-out/>
  <testcase classname="runner_Execution.Exceution" name="testCase11" time="30.166"/>
  <system-out/>
  <testcase classname="runner_Execution.Exceution" name="testCase11" time="30.195"/>
  <system-out/>
  <testcase classname="runner_Execution.Exceution" name="testCase11" time="30.153"/>
  <system-out/>
  <testcase classname="runner_Execution.Exceution" name="testCase11" time="30.124"/>
  <system-out/>
  <testcase classname="runner_Execution.Exceution" name="testCase11" time="30.167"/>
  <system-out/>
  <testcase classname="runner_Execution.Exceution" name="testCase11" time="30.191"/>
  <system-out/>
  <testcase classname="runner_Execution.Exceution" name="testCase11" time="30.172"/>
  <system-out/>
  <testcase classname="runner_Execution.Exceution" name="testCase11" time="33.411"/>
  <system-out/>
  <testcase classname="runner_Execution.Exceution" name="testCase11" time="30.126"/>
  <system-out/>
  <testcase classname="runner_Execution.Exceution" name="testCase11" time="30.167"/>
  <system-out/>
  <testcase classname="runner_Execution.Exceution" name="testCase11" time="30.128"/>
  <system-out/>
  <testcase classname="runner_Execution.Exceution" name="testCase11" time="30.209"/>
  <system-out/>
  <testcase classname="runner_Execution.Exceution" name="testCase11" time="30.153"/>
  <system-out/>
  <testcase classname="runner_Execution.Exceution" name="testCase11" time="30.181"/>
  <system-out/>
  <testcase classname="runner_Execution.Exceution" name="testCase11" time="30.128"/>
  <system-out/>
  <testcase classname="runner_Execution.Exceution" name="testCase11" time="33.131"/>
  <system-out/>
  <testcase classname="runner_Execution.Exceution" name="testCase11" time="30.142"/>
  <system-out/>
  <testcase classname="runner_Execution.Exceution" name="testCase11" time="30.161"/>
  <system-out/>
  <testcase classname="runner_Execution.Exceution" name="testCase11" time="30.165"/>
  <system-out/>
  <testcase classname="runner_Execution.Exceution" name="testCase11" time="30.154"/>
  <system-out/>
  <testcase classname="runner_Execution.Exceution" name="testCase11" time="30.164"/>
  <system-out/>
  <testcase classname="runner_Execution.Exceution" name="testCase11" time="30.142"/>
  <system-out/>
  <testcase classname="runner_Execution.Exceution" name="testCase11" time="33.222"/>
  <system-out/>
  <testcase classname="runner_Execution.Exceution" name="testCase11" time="30.183"/>
  <system-out/>
  <testcase classname="runner_Execution.Exceution" name="testCase11" time="30.120"/>
  <system-out/>
  <testcase classname="runner_Execution.Exceution" name="testCase11" time="30.158"/>
  <system-out/>
  <testcase classname="runner_Execution.Exceution" name="testCase11" time="30.137"/>
  <system-out/>
  <testcase classname="runner_Execution.Exceution" name="testCase11" time="30.139"/>
  <system-out/>
  <testcase classname="runner_Execution.Exceution" name="testCase11" time="30.131"/>
  <system-out/>
  <testcase classname="runner_Execution.Exceution" name="testCase11" time="30.143"/>
  <system-out/>
  <testcase classname="runner_Execution.Exceution" name="testCase11" time="33.121"/>
  <system-out/>
  <testcase classname="runner_Execution.Exceution" name="testCase11" time="30.117"/>
  <system-out/>
  <testcase classname="runner_Execution.Exceution" name="testCase11" time="30.142"/>
  <system-out/>
  <testcase classname="runner_Execution.Exceution" name="testCase11" time="30.156"/>
  <system-out/>
  <testcase classname="runner_Execution.Exceution" name="testCase11" time="33.098"/>
  <system-out/>
  <testcase classname="runner_Execution.Exceution" name="testCase11" time="30.138"/>
  <system-out/>
  <testcase classname="runner_Execution.Exceution" name="testCase11" time="30.167"/>
  <system-out/>
  <testcase classname="runner_Execution.Exceution" name="testCase11" time="30.160"/>
  <system-out/>
  <testcase classname="runner_Execution.Exceution" name="testCase11" time="30.136"/>
  <system-out/>
  <testcase classname="runner_Execution.Exceution" name="testCase11" time="30.178"/>
  <system-out/>
  <testcase classname="runner_Execution.Exceution" name="testCase11" time="30.167"/>
  <system-out/>
  <testcase classname="runner_Execution.Exceution" name="testCase11" time="33.131"/>
  <system-out/>
  <testcase classname="runner_Execution.Exceution" name="testCase11" time="33.078"/>
  <system-out/>
  <testcase classname="runner_Execution.Exceution" name="testCase11" time="30.147"/>
  <system-out/>
  <testcase classname="runner_Execution.Exceution" name="testCase11" time="33.638"/>
  <system-out/>
  <testcase classname="runner_Execution.Exceution" name="testCase11" time="30.127"/>
  <system-out/>
  <testcase classname="runner_Execution.Exceution" name="testCase11" time="30.115"/>
  <system-out/>
  <testcase classname="runner_Execution.Exceution" name="testCase11" time="30.119"/>
  <system-out/>
  <testcase classname="runner_Execution.Exceution" name="testCase11" time="30.153"/>
  <system-out/>
  <testcase classname="runner_Execution.Exceution" name="testCase11" time="30.175"/>
  <system-out/>
  <testcase classname="runner_Execution.Exceution" name="testCase11" time="33.140"/>
  <system-out/>
  <testcase classname="runner_Execution.Exceution" name="testCase11" time="30.186"/>
  <system-out/>
  <testcase classname="runner_Execution.Exceution" name="testCase11" time="30.158"/>
  <system-out/>
  <testcase classname="runner_Execution.Exceution" name="testCase11" time="33.185"/>
  <system-out/>
  <testcase classname="runner_Execution.Exceution" name="testCase11" time="30.165"/>
  <system-out/>
  <testcase classname="runner_Execution.Exceution" name="testCase11" time="30.152"/>
  <system-out/>
  <testcase classname="runner_Execution.Exceution" name="testCase11" time="30.129"/>
  <system-out/>
  <testcase classname="runner_Execution.Exceution" name="testCase11" time="30.160"/>
  <system-out/>
  <testcase classname="runner_Execution.Exceution" name="testCase11" time="30.167"/>
  <system-out/>
  <testcase classname="runner_Execution.Exceution" name="testCase11" time="30.166"/>
  <system-out/>
  <testcase classname="runner_Execution.Exceution" name="testCase11" time="30.159"/>
  <system-out/>
  <testcase classname="runner_Execution.Exceution" name="testCase11" time="30.182"/>
  <system-out/>
  <testcase classname="runner_Execution.Exceution" name="testCase11" time="30.146"/>
  <system-out/>
  <testcase classname="runner_Execution.Exceution" name="testCase11" time="30.099"/>
  <system-out/>
  <testcase classname="runner_Execution.Exceution" name="testCase11" time="33.197"/>
  <system-out/>
  <testcase classname="runner_Execution.Exceution" name="testCase11" time="33.104"/>
  <system-out/>
  <testcase classname="runner_Execution.Exceution" name="testCase11" time="33.255"/>
  <system-out/>
  <testcase classname="runner_Execution.Exceution" name="testCase11" time="30.200"/>
  <system-out/>
  <testcase classname="runner_Execution.Exceution" name="testCase11" time="30.170"/>
  <system-out/>
  <testcase classname="runner_Execution.Exceution" name="testCase11" time="33.856"/>
  <system-out/>
  <testcase classname="runner_Execution.Exceution" name="testCase11" time="30.180"/>
  <system-out/>
  <testcase classname="runner_Execution.Exceution" name="testCase11" time="30.143"/>
  <system-out/>
  <testcase classname="runner_Execution.Exceution" name="testCase11" time="30.137"/>
  <system-out/>
  <testcase classname="runner_Execution.Exceution" name="testCase11" time="30.163"/>
  <system-out/>
  <testcase classname="runner_Execution.Exceution" name="testCase11" time="30.143"/>
  <system-out/>
  <testcase classname="runner_Execution.Exceution" name="testCase11" time="30.185"/>
  <system-out/>
  <testcase classname="runner_Execution.Exceution" name="testCase11" time="33.629"/>
  <system-out/>
  <testcase classname="runner_Execution.Exceution" name="testCase11" time="33.032"/>
  <system-out/>
  <testcase classname="runner_Execution.Exceution" name="testCase11" time="30.130"/>
  <system-out/>
  <testcase classname="runner_Execution.Exceution" name="testCase11" time="30.167"/>
  <system-out/>
  <testcase classname="runner_Execution.Exceution" name="testCase11" time="30.145"/>
  <system-out/>
  <testcase classname="runner_Execution.Exceution" name="testCase11" time="30.144"/>
  <system-out/>
  <testcase classname="runner_Execution.Exceution" name="testCase11" time="30.148"/>
  <system-out/>
  <testcase classname="runner_Execution.Exceution" name="testCase11" time="33.742"/>
  <system-out/>
  <testcase classname="runner_Execution.Exceution" name="testCase11" time="30.157"/>
  <system-out/>
  <testcase classname="runner_Execution.Exceution" name="testCase11" time="30.138"/>
  <system-out/>
  <testcase classname="runner_Execution.Exceution" name="testCase11" time="30.177"/>
  <system-out/>
  <testcase classname="runner_Execution.Exceution" name="testCase11" time="30.191"/>
  <system-out/>
  <testcase classname="runner_Execution.Exceution" name="testCase11" time="30.136"/>
  <system-out/>
  <testcase classname="runner_Execution.Exceution" name="testCase11" time="30.119"/>
  <system-out/>
  <testcase classname="runner_Execution.Exceution" name="testCase11" time="30.185"/>
  <system-out/>
  <testcase classname="runner_Execution.Exceution" name="testCase11" time="30.168"/>
  <system-out/>
  <testcase classname="runner_Execution.Exceution" name="testCase11" time="30.183"/>
  <system-out/>
  <testcase classname="runner_Execution.Exceution" name="testCase11" time="33.213"/>
  <system-out/>
  <testcase classname="runner_Execution.Exceution" name="testCase11" time="30.204"/>
  <system-out/>
  <testcase classname="runner_Execution.Exceution" name="testCase11" time="30.140"/>
  <system-out/>
  <testcase classname="runner_Execution.Exceution" name="testCase11" time="30.168"/>
  <system-out/>
  <testcase classname="runner_Execution.Exceution" name="testCase11" time="30.189"/>
  <system-out/>
  <testcase classname="runner_Execution.Exceution" name="testCase11" time="30.164"/>
  <system-out/>
  <testcase classname="runner_Execution.Exceution" name="testCase11" time="33.762"/>
  <system-out/>
  <testcase classname="runner_Execution.Exceution" name="testCase11" time="30.179"/>
  <system-out/>
  <testcase classname="runner_Execution.Exceution" name="testCase11" time="30.143"/>
  <system-out/>
  <testcase classname="runner_Execution.Exceution" name="testCase11" time="30.206"/>
  <system-out/>
  <testcase classname="runner_Execution.Exceution" name="testCase11" time="30.157"/>
  <system-out/>
  <testcase classname="runner_Execution.Exceution" name="testCase11" time="30.143"/>
  <system-out/>
  <testcase classname="runner_Execution.Exceution" name="testCase11" time="30.170"/>
  <system-out/>
  <testcase classname="runner_Execution.Exceution" name="testCase11" time="30.144"/>
  <system-out/>
  <testcase classname="runner_Execution.Exceution" name="testCase11" time="30.183"/>
  <system-out/>
  <testcase classname="runner_Execution.Exceution" name="testCase11" time="30.162"/>
  <system-out/>
  <testcase classname="runner_Execution.Exceution" name="testCase11" time="30.146"/>
  <system-out/>
  <testcase classname="runner_Execution.Exceution" name="testCase11" time="30.135"/>
  <system-out/>
  <testcase classname="runner_Execution.Exceution" name="testCase11" time="30.150"/>
  <system-out/>
  <testcase classname="runner_Execution.Exceution" name="testCase11" time="30.171"/>
  <system-out/>
  <testcase classname="runner_Execution.Exceution" name="testCase11" time="30.127"/>
  <system-out/>
  <testcase classname="runner_Execution.Exceution" name="testCase11" time="33.273"/>
  <system-out/>
  <testcase classname="runner_Execution.Exceution" name="testCase11" time="33.704"/>
  <system-out/>
  <testcase classname="runner_Execution.Exceution" name="testCase11" time="33.358"/>
  <system-out/>
  <testcase classname="runner_Execution.Exceution" name="testCase11" time="30.160"/>
  <system-out/>
  <testcase classname="runner_Execution.Exceution" name="testCase11" time="30.147"/>
  <system-out/>
  <testcase classname="runner_Execution.Exceution" name="testCase11" time="30.188"/>
  <system-out/>
  <testcase classname="runner_Execution.Exceution" name="testCase11" time="30.157"/>
  <system-out/>
  <testcase classname="runner_Execution.Exceution" name="testCase11" time="33.352"/>
  <system-out/>
  <testcase classname="runner_Execution.Exceution" name="testCase11" time="30.137"/>
  <system-out/>
  <testcase classname="runner_Execution.Exceution" name="testCase11" time="30.188"/>
  <system-out/>
  <testcase classname="runner_Execution.Exceution" name="testCase11" time="30.134"/>
  <system-out/>
  <testcase classname="runner_Execution.Exceution" name="testCase11" time="30.181"/>
  <system-out/>
  <testcase classname="runner_Execution.Exceution" name="testCase11" time="33.199"/>
  <system-out/>
  <testcase classname="runner_Execution.Exceution" name="testCase11" time="30.179"/>
  <system-out/>
  <testcase classname="runner_Execution.Exceution" name="testCase11" time="30.175"/>
  <system-out/>
  <testcase classname="runner_Execution.Exceution" name="testCase11" time="30.197"/>
  <system-out/>
  <testcase classname="runner_Execution.Exceution" name="testCase11" time="30.185"/>
  <system-out/>
  <testcase classname="runner_Execution.Exceution" name="testCase11" time="30.181"/>
  <system-out/>
  <testcase classname="runner_Execution.Exceution" name="testCase11" time="30.146"/>
  <system-out/>
  <testcase classname="runner_Execution.Exceution" name="testCase11" time="30.219"/>
  <system-out/>
  <testcase classname="runner_Execution.Exceution" name="testCase11" time="30.179"/>
  <system-out/>
  <testcase classname="runner_Execution.Exceution" name="testCase11" time="30.142"/>
  <system-out/>
  <testcase classname="runner_Execution.Exceution" name="testCase11" time="30.201"/>
  <system-out/>
  <testcase classname="runner_Execution.Exceution" name="testCase11" time="30.159"/>
  <system-out/>
  <testcase classname="runner_Execution.Exceution" name="testCase11" time="33.382"/>
  <system-out/>
  <testcase classname="runner_Execution.Exceution" name="testCase11" time="33.693"/>
  <system-out/>
  <testcase classname="runner_Execution.Exceution" name="testCase11" time="30.164"/>
  <system-out/>
  <testcase classname="runner_Execution.Exceution" name="testCase11" time="30.180"/>
  <system-out/>
  <testcase classname="runner_Execution.Exceution" name="testCase11" time="30.187"/>
  <system-out/>
  <testcase classname="runner_Execution.Exceution" name="testCase11" time="33.150"/>
  <system-out/>
  <testcase classname="runner_Execution.Exceution" name="testCase11" time="33.734"/>
  <system-out/>
  <testcase classname="runner_Execution.Exceution" name="testCase11" time="30.117"/>
  <system-out/>
  <testcase classname="runner_Execution.Exceution" name="testCase11" time="30.141"/>
  <system-out/>
  <testcase classname="runner_Execution.Exceution" name="testCase11" time="33.811"/>
  <system-out/>
  <testcase classname="runner_Execution.Exceution" name="testCase11" time="30.175"/>
  <system-out/>
  <testcase classname="runner_Execution.Exceution" name="testCase11" time="30.171"/>
  <system-out/>
  <testcase classname="runner_Execution.Exceution" name="testCase11" time="30.185"/>
  <system-out/>
  <testcase classname="runner_Execution.Exceution" name="testCase11" time="30.203"/>
  <system-out/>
  <testcase classname="runner_Execution.Exceution" name="testCase11" time="30.198"/>
  <system-out/>
  <testcase classname="runner_Execution.Exceution" name="testCase11" time="30.166"/>
  <system-out/>
  <testcase classname="runner_Execution.Exceution" name="testCase11" time="30.179"/>
  <system-out/>
  <testcase classname="runner_Execution.Exceution" name="testCase11" time="30.121"/>
  <system-out/>
  <testcase classname="runner_Execution.Exceution" name="testCase11" time="33.716"/>
  <system-out/>
  <testcase classname="runner_Execution.Exceution" name="testCase11" time="30.138"/>
  <system-out/>
  <testcase classname="runner_Execution.Exceution" name="testCase11" time="30.153"/>
  <system-out/>
  <testcase classname="runner_Execution.Exceution" name="testCase11" time="33.058"/>
  <system-out/>
  <testcase classname="runner_Execution.Exceution" name="testCase11" time="33.158"/>
  <system-out/>
  <testcase classname="runner_Execution.Exceution" name="testCase11" time="30.184"/>
  <system-out/>
  <testcase classname="runner_Execution.Exceution" name="testCase11" time="33.446"/>
  <system-out/>
  <testcase classname="runner_Execution.Exceution" name="testCase11" time="30.162"/>
  <system-out/>
  <testcase classname="runner_Execution.Exceution" name="testCase11" time="30.202"/>
  <system-out/>
  <testcase classname="runner_Execution.Exceution" name="testCase11" time="30.194"/>
  <system-out/>
  <testcase classname="runner_Execution.Exceution" name="testCase11" time="30.184"/>
  <system-out/>
  <testcase classname="runner_Execution.Exceution" name="testCase11" time="30.198"/>
  <system-out/>
  <testcase classname="runner_Execution.Exceution" name="testCase11" time="30.163"/>
  <system-out/>
  <testcase classname="runner_Execution.Exceution" name="testCase11" time="30.188"/>
  <system-out/>
  <testcase classname="runner_Execution.Exceution" name="testCase11" time="33.365"/>
  <system-out/>
  <testcase classname="runner_Execution.Exceution" name="testCase11" time="30.161"/>
  <system-out/>
  <testcase classname="runner_Execution.Exceution" name="testCase11" time="32.967"/>
  <system-out/>
  <testcase classname="runner_Execution.Exceution" name="testCase11" time="33.702"/>
  <system-out/>
  <testcase classname="runner_Execution.Exceution" name="testCase11" time="30.147"/>
  <system-out/>
  <testcase classname="runner_Execution.Exceution" name="testCase11" time="30.154"/>
  <system-out/>
  <testcase classname="runner_Execution.Exceution" name="testCase11" time="30.126"/>
  <system-out/>
  <testcase classname="runner_Execution.Exceution" name="testCase11" time="30.121"/>
  <system-out/>
  <testcase classname="runner_Execution.Exceution" name="testCase11" time="30.165"/>
  <system-out/>
  <testcase classname="runner_Execution.Exceution" name="testCase11" time="33.280"/>
  <system-out/>
  <testcase classname="runner_Execution.Exceution" name="testCase11" time="33.186"/>
  <system-out/>
  <testcase classname="runner_Execution.Exceution" name="testCase11" time="30.173"/>
  <system-out/>
  <testcase classname="runner_Execution.Exceution" name="testCase11" time="33.050"/>
  <system-out/>
  <testcase classname="runner_Execution.Exceution" name="testCase11" time="30.183"/>
  <system-out/>
  <testcase classname="runner_Execution.Exceution" name="testCase11" time="30.192"/>
  <system-out/>
  <testcase classname="runner_Execution.Exceution" name="testCase11" time="30.150"/>
  <system-out/>
  <testcase classname="runner_Execution.Exceution" name="testCase11" time="33.540"/>
  <system-out/>
  <testcase classname="runner_Execution.Exceution" name="testCase11" time="33.349"/>
  <system-out/>
  <testcase classname="runner_Execution.Exceution" name="testCase11" time="30.109"/>
  <system-out/>
  <testcase classname="runner_Execution.Exceution" name="testCase11" time="30.139"/>
  <system-out/>
  <testcase classname="runner_Execution.Exceution" name="testCase11" time="30.218"/>
  <system-out/>
  <testcase classname="runner_Execution.Exceution" name="testCase11" time="30.140"/>
  <system-out/>
  <testcase classname="runner_Execution.Exceution" name="testCase11" time="33.659"/>
  <system-out/>
  <testcase classname="runner_Execution.Exceution" name="testCase11" time="30.169"/>
  <system-out/>
  <testcase classname="runner_Execution.Exceution" name="testCase11" time="30.164"/>
  <system-out/>
  <testcase classname="runner_Execution.Exceution" name="testCase11" time="30.181"/>
  <system-out/>
  <testcase classname="runner_Execution.Exceution" name="testCase11" time="30.143"/>
  <system-out/>
  <testcase classname="runner_Execution.Exceution" name="testCase11" time="30.159"/>
  <system-out/>
  <testcase classname="runner_Execution.Exceution" name="testCase11" time="30.114"/>
  <system-out/>
  <testcase classname="runner_Execution.Exceution" name="testCase11" time="30.154"/>
  <system-out/>
  <testcase classname="runner_Execution.Exceution" name="testCase11" time="30.177"/>
  <system-out/>
  <testcase classname="runner_Execution.Exceution" name="testCase11" time="30.168"/>
  <system-out/>
  <testcase classname="runner_Execution.Exceution" name="testCase11" time="30.203"/>
  <system-out/>
  <testcase classname="runner_Execution.Exceution" name="testCase11" time="30.168"/>
  <system-out/>
  <testcase classname="runner_Execution.Exceution" name="testCase11" time="33.308"/>
  <system-out/>
  <testcase classname="runner_Execution.Exceution" name="testCase11" time="30.186"/>
  <system-out/>
  <testcase classname="runner_Execution.Exceution" name="testCase11" time="33.154"/>
  <system-out/>
  <testcase classname="runner_Execution.Exceution" name="testCase11" time="30.146"/>
  <system-out/>
  <testcase classname="runner_Execution.Exceution" name="testCase11" time="33.236"/>
  <system-out/>
  <testcase classname="runner_Execution.Exceution" name="testCase11" time="30.132"/>
  <system-out/>
  <testcase classname="runner_Execution.Exceution" name="testCase11" time="33.537"/>
  <system-out/>
  <testcase classname="runner_Execution.Exceution" name="testCase11" time="30.147"/>
  <system-out/>
  <testcase classname="runner_Execution.Exceution" name="testCase11" time="30.153"/>
  <system-out/>
  <testcase classname="runner_Execution.Exceution" name="testCase11" time="30.167"/>
  <system-out/>
  <testcase classname="runner_Execution.Exceution" name="testCase11" time="30.168"/>
  <system-out/>
  <testcase classname="runner_Execution.Exceution" name="testCase11" time="30.149"/>
  <system-out/>
  <testcase classname="runner_Execution.Exceution" name="testCase11" time="30.169"/>
  <system-out/>
  <testcase classname="runner_Execution.Exceution" name="testCase11" time="30.196"/>
  <system-out/>
  <testcase classname="runner_Execution.Exceution" name="testCase11" time="30.206"/>
  <system-out/>
  <testcase classname="runner_Execution.Exceution" name="testCase11" time="30.219"/>
  <system-out/>
  <testcase classname="runner_Execution.Exceution" name="testCase11" time="30.154"/>
  <system-out/>
  <testcase classname="runner_Execution.Exceution" name="testCase11" time="30.143"/>
  <system-out/>
  <testcase classname="runner_Execution.Exceution" name="testCase11" time="30.125"/>
  <system-out/>
  <testcase classname="runner_Execution.Exceution" name="testCase11" time="30.124"/>
  <system-out/>
  <testcase classname="runner_Execution.Exceution" name="testCase11" time="30.115"/>
  <system-out/>
  <testcase classname="runner_Execution.Exceution" name="testCase11" time="30.173"/>
  <system-out/>
  <testcase classname="runner_Execution.Exceution" name="testCase11" time="30.186"/>
  <system-out/>
  <testcase classname="runner_Execution.Exceution" name="testCase11" time="30.161"/>
  <system-out/>
  <testcase classname="runner_Execution.Exceution" name="testCase11" time="30.175"/>
  <system-out/>
  <testcase classname="runner_Execution.Exceution" name="testCase11" time="30.166"/>
  <system-out/>
  <testcase classname="runner_Execution.Exceution" name="testCase11" time="30.179"/>
  <system-out/>
  <testcase classname="runner_Execution.Exceution" name="testCase11" time="33.612"/>
  <system-out/>
  <testcase classname="runner_Execution.Exceution" name="testCase11" time="30.149"/>
  <system-out/>
  <testcase classname="runner_Execution.Exceution" name="testCase11" time="30.174"/>
  <system-out/>
  <testcase classname="runner_Execution.Exceution" name="testCase11" time="30.166"/>
  <system-out/>
  <testcase classname="runner_Execution.Exceution" name="testCase11" time="30.175"/>
  <system-out/>
  <testcase classname="runner_Execution.Exceution" name="testCase11" time="30.158"/>
  <system-out/>
  <testcase classname="runner_Execution.Exceution" name="testCase11" time="30.184"/>
  <system-out/>
  <testcase classname="runner_Execution.Exceution" name="testCase11" time="30.180"/>
  <system-out/>
  <testcase classname="runner_Execution.Exceution" name="testCase11" time="30.167"/>
  <system-out/>
  <testcase classname="runner_Execution.Exceution" name="testCase11" time="30.124"/>
  <system-out/>
  <testcase classname="runner_Execution.Exceution" name="testCase11" time="30.186"/>
  <system-out/>
  <testcase classname="runner_Execution.Exceution" name="testCase11" time="30.149"/>
  <system-out/>
  <testcase classname="runner_Execution.Exceution" name="testCase11" time="30.169"/>
  <system-out/>
  <testcase classname="runner_Execution.Exceution" name="testCase11" time="30.150"/>
  <system-out/>
  <testcase classname="runner_Execution.Exceution" name="testCase11" time="30.172"/>
  <system-out/>
  <testcase classname="runner_Execution.Exceution" name="testCase11" time="30.198"/>
  <system-out/>
  <testcase classname="runner_Execution.Exceution" name="testCase11" time="30.167"/>
  <system-out/>
  <testcase classname="runner_Execution.Exceution" name="testCase11" time="30.124"/>
  <system-out/>
  <testcase classname="runner_Execution.Exceution" name="testCase11" time="30.135"/>
  <system-out/>
  <testcase classname="runner_Execution.Exceution" name="testCase11" time="30.168"/>
  <system-out/>
  <testcase classname="runner_Execution.Exceution" name="testCase11" time="33.323"/>
  <system-out/>
  <testcase classname="runner_Execution.Exceution" name="testCase11" time="30.192"/>
  <system-out/>
  <testcase classname="runner_Execution.Exceution" name="testCase11" time="33.124"/>
  <system-out/>
  <testcase classname="runner_Execution.Exceution" name="testCase11" time="30.125"/>
  <system-out/>
  <testcase classname="runner_Execution.Exceution" name="testCase11" time="30.148"/>
  <system-out/>
  <testcase classname="runner_Execution.Exceution" name="testCase11" time="30.158"/>
  <system-out/>
  <testcase classname="runner_Execution.Exceution" name="testCase11" time="30.196"/>
  <system-out/>
  <testcase classname="runner_Execution.Exceution" name="testCase11" time="30.159"/>
  <system-out/>
  <testcase classname="runner_Execution.Exceution" name="testCase11" time="30.175"/>
  <system-out/>
  <testcase classname="runner_Execution.Exceution" name="testCase11" time="30.158"/>
  <system-out/>
  <testcase classname="runner_Execution.Exceution" name="testCase11" time="30.147"/>
  <system-out/>
  <testcase classname="runner_Execution.Exceution" name="testCase11" time="30.206"/>
  <system-out/>
  <testcase classname="runner_Execution.Exceution" name="testCase11" time="30.185"/>
  <system-out/>
  <testcase classname="runner_Execution.Exceution" name="testCase11" time="30.136"/>
  <system-out/>
  <testcase classname="runner_Execution.Exceution" name="testCase11" time="30.134"/>
  <system-out/>
  <testcase classname="runner_Execution.Exceution" name="testCase11" time="30.135"/>
  <system-out/>
  <testcase classname="runner_Execution.Exceution" name="testCase11" time="33.767"/>
  <system-out/>
  <testcase classname="runner_Execution.Exceution" name="testCase11" time="30.115"/>
  <system-out/>
  <testcase classname="runner_Execution.Exceution" name="testCase11" time="30.195"/>
  <system-out/>
  <testcase classname="runner_Execution.Exceution" name="testCase11" time="33.253"/>
  <system-out/>
  <testcase classname="runner_Execution.Exceution" name="testCase11" time="30.124"/>
  <system-out/>
  <testcase classname="runner_Execution.Exceution" name="testCase11" time="30.136"/>
  <system-out/>
  <testcase classname="runner_Execution.Exceution" name="testCase11" time="33.853"/>
  <system-out/>
  <testcase classname="runner_Execution.Exceution" name="testCase11" time="30.154"/>
  <system-out/>
  <testcase classname="runner_Execution.Exceution" name="testCase11" time="30.124"/>
  <system-out/>
  <testcase classname="runner_Execution.Exceution" name="testCase11" time="33.349"/>
  <system-out/>
  <testcase classname="runner_Execution.Exceution" name="testCase11" time="30.146"/>
  <system-out/>
  <testcase classname="runner_Execution.Exceution" name="testCase11" time="33.250"/>
  <system-out/>
  <testcase classname="runner_Execution.Exceution" name="testCase11" time="30.191"/>
  <system-out/>
  <testcase classname="runner_Execution.Exceution" name="testCase11" time="30.126"/>
  <system-out/>
  <testcase classname="runner_Execution.Exceution" name="testCase11" time="30.193"/>
  <system-out/>
  <testcase classname="runner_Execution.Exceution" name="testCase11" time="30.149"/>
  <system-out/>
  <testcase classname="runner_Execution.Exceution" name="testCase11" time="33.181"/>
  <system-out/>
  <testcase classname="runner_Execution.Exceution" name="testCase11" time="30.141"/>
  <system-out/>
  <testcase classname="runner_Execution.Exceution" name="testCase11" time="30.151"/>
  <system-out/>
  <testcase classname="runner_Execution.Exceution" name="testCase11" time="33.871"/>
  <system-out/>
  <testcase classname="runner_Execution.Exceution" name="testCase11" time="30.159"/>
  <system-out/>
  <testcase classname="runner_Execution.Exceution" name="testCase11" time="30.169"/>
  <system-out/>
  <testcase classname="runner_Execution.Exceution" name="testCase11" time="33.216"/>
  <system-out/>
  <testcase classname="runner_Execution.Exceution" name="testCase11" time="30.134"/>
  <system-out/>
  <testcase classname="runner_Execution.Exceution" name="testCase11" time="30.132"/>
  <system-out/>
  <testcase classname="runner_Execution.Exceution" name="testCase11" time="30.214"/>
  <system-out/>
  <testcase classname="runner_Execution.Exceution" name="testCase11" time="30.149"/>
  <system-out/>
  <testcase classname="runner_Execution.Exceution" name="testCase11" time="30.129"/>
  <system-out/>
  <testcase classname="runner_Execution.Exceution" name="testCase11" time="30.210"/>
  <system-out/>
  <testcase classname="runner_Execution.Exceution" name="testCase11" time="33.260"/>
  <system-out/>
  <testcase classname="runner_Execution.Exceution" name="testCase11" time="30.163"/>
  <system-out/>
  <testcase classname="runner_Execution.Exceution" name="testCase11" time="30.133"/>
  <system-out/>
  <testcase classname="runner_Execution.Exceution" name="testCase11" time="33.101"/>
  <system-out/>
  <testcase classname="runner_Execution.Exceution" name="testCase11" time="30.193"/>
  <system-out/>
  <testcase classname="runner_Execution.Exceution" name="testCase11" time="30.149"/>
  <system-out/>
  <testcase classname="runner_Execution.Exceution" name="testCase11" time="30.158"/>
  <system-out/>
  <testcase classname="runner_Execution.Exceution" name="testCase11" time="30.184"/>
  <system-out/>
  <testcase classname="runner_Execution.Exceution" name="testCase11" time="30.158"/>
  <system-out/>
  <testcase classname="runner_Execution.Exceution" name="testCase11" time="30.142"/>
  <system-out/>
  <testcase classname="runner_Execution.Exceution" name="testCase11" time="30.130"/>
  <system-out/>
  <testcase classname="runner_Execution.Exceution" name="testCase11" time="30.156"/>
  <system-out/>
  <testcase classname="runner_Execution.Exceution" name="testCase11" time="30.173"/>
  <system-out/>
  <testcase classname="runner_Execution.Exceution" name="testCase11" time="30.228"/>
  <system-out/>
  <testcase classname="runner_Execution.Exceution" name="testCase11" time="30.159"/>
  <system-out/>
  <testcase classname="runner_Execution.Exceution" name="testCase11" time="30.183"/>
  <system-out/>
  <testcase classname="runner_Execution.Exceution" name="testCase11" time="30.195"/>
  <system-out/>
  <testcase classname="runner_Execution.Exceution" name="testCase11" time="33.247"/>
  <system-out/>
  <testcase classname="runner_Execution.Exceution" name="testCase11" time="30.188"/>
  <system-out/>
  <testcase classname="runner_Execution.Exceution" name="testCase11" time="30.220"/>
  <system-out/>
  <testcase classname="runner_Execution.Exceution" name="testCase11" time="30.142"/>
  <system-out/>
  <testcase classname="runner_Execution.Exceution" name="testCase11" time="30.118"/>
  <system-out/>
  <testcase classname="runner_Execution.Exceution" name="testCase11" time="30.150"/>
  <system-out/>
  <testcase classname="runner_Execution.Exceution" name="testCase11" time="30.135"/>
  <system-out/>
  <testcase classname="runner_Execution.Exceution" name="testCase11" time="33.021"/>
  <system-out/>
  <testcase classname="runner_Execution.Exceution" name="testCase11" time="33.278"/>
  <system-out/>
  <testcase classname="runner_Execution.Exceution" name="testCase11" time="30.174"/>
  <system-out/>
  <testcase classname="runner_Execution.Exceution" name="testCase11" time="33.205"/>
  <system-out/>
  <testcase classname="runner_Execution.Exceution" name="testCase11" time="33.089"/>
  <system-out/>
  <testcase classname="runner_Execution.Exceution" name="testCase11" time="33.132"/>
  <system-out/>
  <testcase classname="runner_Execution.Exceution" name="testCase11" time="33.215"/>
  <system-out/>
  <testcase classname="runner_Execution.Exceution" name="testCase11" time="30.157"/>
  <system-out/>
  <testcase classname="runner_Execution.Exceution" name="testCase11" time="30.201"/>
  <system-out/>
  <testcase classname="runner_Execution.Exceution" name="testCase11" time="30.155"/>
  <system-out/>
  <testcase classname="runner_Execution.Exceution" name="testCase11" time="30.110"/>
  <system-out/>
  <testcase classname="runner_Execution.Exceution" name="testCase11" time="30.188"/>
  <system-out/>
  <testcase classname="runner_Execution.Exceution" name="testCase11" time="33.207"/>
  <system-out/>
  <testcase classname="runner_Execution.Exceution" name="testCase11" time="30.148"/>
  <system-out/>
  <testcase classname="runner_Execution.Exceution" name="testCase11" time="30.180"/>
  <system-out/>
  <testcase classname="runner_Execution.Exceution" name="testCase11" time="30.183"/>
  <system-out/>
  <testcase classname="runner_Execution.Exceution" name="testCase11" time="30.131"/>
  <system-out/>
  <testcase classname="runner_Execution.Exceution" name="testCase11" time="30.150"/>
  <system-out/>
  <testcase classname="runner_Execution.Exceution" name="testCase11" time="30.160"/>
  <system-out/>
  <testcase classname="runner_Execution.Exceution" name="testCase11" time="30.169"/>
  <system-out/>
  <testcase classname="runner_Execution.Exceution" name="testCase11" time="30.194"/>
  <system-out/>
  <testcase classname="runner_Execution.Exceution" name="testCase11" time="30.175"/>
  <system-out/>
  <testcase classname="runner_Execution.Exceution" name="testCase11" time="33.141"/>
  <system-out/>
  <testcase classname="runner_Execution.Exceution" name="testCase11" time="33.205"/>
  <system-out/>
  <testcase classname="runner_Execution.Exceution" name="testCase11" time="30.165"/>
  <system-out/>
  <testcase classname="runner_Execution.Exceution" name="testCase11" time="30.172"/>
  <system-out/>
  <testcase classname="runner_Execution.Exceution" name="testCase11" time="30.192"/>
  <system-out/>
  <testcase classname="runner_Execution.Exceution" name="testCase11" time="33.799"/>
  <system-out/>
  <testcase classname="runner_Execution.Exceution" name="testCase11" time="30.143"/>
  <system-out/>
  <testcase classname="runner_Execution.Exceution" name="testCase11" time="30.153"/>
  <system-out/>
  <testcase classname="runner_Execution.Exceution" name="testCase11" time="30.136"/>
  <system-out/>
  <testcase classname="runner_Execution.Exceution" name="testCase11" time="30.129"/>
  <system-out/>
  <testcase classname="runner_Execution.Exceution" name="testCase11" time="30.141"/>
  <system-out/>
  <testcase classname="runner_Execution.Exceution" name="testCase11" time="30.144"/>
  <system-out/>
  <testcase classname="runner_Execution.Exceution" name="testCase11" time="30.179"/>
  <system-out/>
  <testcase classname="runner_Execution.Exceution" name="testCase11" time="30.174"/>
  <system-out/>
  <testcase classname="runner_Execution.Exceution" name="testCase11" time="30.156"/>
  <system-out/>
  <testcase classname="runner_Execution.Exceution" name="testCase11" time="30.180"/>
  <system-out/>
  <testcase classname="runner_Execution.Exceution" name="testCase11" time="30.183"/>
  <system-out/>
  <testcase classname="runner_Execution.Exceution" name="testCase11" time="30.175"/>
  <system-out/>
  <testcase classname="runner_Execution.Exceution" name="testCase11" time="30.144"/>
  <system-out/>
  <testcase classname="runner_Execution.Exceution" name="testCase11" time="30.131"/>
  <system-out/>
  <testcase classname="runner_Execution.Exceution" name="testCase11" time="33.250"/>
  <system-out/>
  <testcase classname="runner_Execution.Exceution" name="testCase11" time="30.187"/>
  <system-out/>
  <testcase classname="runner_Execution.Exceution" name="testCase11" time="30.211"/>
  <system-out/>
  <testcase classname="runner_Execution.Exceution" name="testCase11" time="30.183"/>
  <system-out/>
  <testcase classname="runner_Execution.Exceution" name="testCase11" time="30.159"/>
  <system-out/>
  <testcase classname="runner_Execution.Exceution" name="testCase11" time="30.139"/>
  <system-out/>
  <testcase classname="runner_Execution.Exceution" name="testCase11" time="30.110"/>
  <system-out/>
  <testcase classname="runner_Execution.Exceution" name="testCase11" time="30.151"/>
  <system-out/>
  <testcase classname="runner_Execution.Exceution" name="testCase11" time="30.130"/>
  <system-out/>
  <testcase classname="runner_Execution.Exceution" name="testCase11" time="33.247"/>
  <system-out/>
  <testcase classname="runner_Execution.Exceution" name="testCase11" time="30.217"/>
  <system-out/>
  <testcase classname="runner_Execution.Exceution" name="testCase11" time="30.173"/>
  <system-out/>
  <testcase classname="runner_Execution.Exceution" name="testCase11" time="30.141"/>
  <system-out/>
  <testcase classname="runner_Execution.Exceution" name="testCase11" time="30.160"/>
  <system-out/>
  <testcase classname="runner_Execution.Exceution" name="testCase11" time="30.154"/>
  <system-out/>
  <testcase classname="runner_Execution.Exceution" name="testCase11" time="33.679"/>
  <system-out/>
  <testcase classname="runner_Execution.Exceution" name="testCase11" time="30.170"/>
  <system-out/>
  <testcase classname="runner_Execution.Exceution" name="testCase11" time="30.145"/>
  <system-out/>
  <testcase classname="runner_Execution.Exceution" name="testCase11" time="30.191"/>
  <system-out/>
  <testcase classname="runner_Execution.Exceution" name="testCase11" time="33.247"/>
  <system-out/>
  <testcase classname="runner_Execution.Exceution" name="testCase11" time="30.136"/>
  <system-out/>
  <testcase classname="runner_Execution.Exceution" name="testCase11" time="30.124"/>
  <system-out/>
  <testcase classname="runner_Execution.Exceution" name="testCase11" time="30.210"/>
  <system-out/>
  <testcase classname="runner_Execution.Exceution" name="testCase11" time="30.159"/>
  <system-out/>
  <testcase classname="runner_Execution.Exceution" name="testCase11" time="30.166"/>
  <system-out/>
  <testcase classname="runner_Execution.Exceution" name="testCase11" time="33.219"/>
  <system-out/>
  <testcase classname="runner_Execution.Exceution" name="testCase11" time="30.178"/>
  <system-out/>
  <testcase classname="runner_Execution.Exceution" name="testCase11" time="30.113"/>
  <system-out/>
  <testcase classname="runner_Execution.Exceution" name="testCase11" time="30.131"/>
  <system-out/>
  <testcase classname="runner_Execution.Exceution" name="testCase11" time="33.266"/>
  <system-out/>
  <testcase classname="runner_Execution.Exceution" name="testCase11" time="33.009"/>
  <system-out/>
  <testcase classname="runner_Execution.Exceution" name="testCase11" time="33.118"/>
  <system-out/>
  <testcase classname="runner_Execution.Exceution" name="testCase11" time="30.171"/>
  <system-out/>
  <testcase classname="runner_Execution.Exceution" name="testCase11" time="30.166"/>
  <system-out/>
  <testcase classname="runner_Execution.Exceution" name="testCase11" time="30.133"/>
  <system-out/>
  <testcase classname="runner_Execution.Exceution" name="testCase11" time="30.152"/>
  <system-out/>
  <testcase classname="runner_Execution.Exceution" name="testCase11" time="30.123"/>
  <system-out/>
  <testcase classname="runner_Execution.Exceution" name="testCase11" time="30.125"/>
  <system-out/>
  <testcase classname="runner_Execution.Exceution" name="testCase11" time="33.212"/>
  <system-out/>
  <testcase classname="runner_Execution.Exceution" name="testCase11" time="33.258"/>
  <system-out/>
  <testcase classname="runner_Execution.Exceution" name="testCase11" time="33.762"/>
  <system-out/>
  <testcase classname="runner_Execution.Exceution" name="testCase11" time="33.346"/>
  <system-out/>
  <testcase classname="runner_Execution.Exceution" name="testCase11" time="33.050"/>
  <system-out/>
  <testcase classname="runner_Execution.Exceution" name="testCase11" time="30.199"/>
  <system-out/>
  <testcase classname="runner_Execution.Exceution" name="testCase11" time="30.199"/>
  <system-out/>
  <testcase classname="runner_Execution.Exceution" name="testCase11" time="33.632"/>
  <system-out/>
  <testcase classname="runner_Execution.Exceution" name="testCase11" time="30.184"/>
  <system-out/>
  <testcase classname="runner_Execution.Exceution" name="testCase11" time="30.168"/>
  <system-out/>
  <testcase classname="runner_Execution.Exceution" name="testCase11" time="30.175"/>
  <system-out/>
  <testcase classname="runner_Execution.Exceution" name="testCase11" time="33.205"/>
  <system-out/>
  <testcase classname="runner_Execution.Exceution" name="testCase11" time="30.158"/>
  <system-out/>
  <testcase classname="runner_Execution.Exceution" name="testCase11" time="30.206"/>
  <system-out/>
  <testcase classname="runner_Execution.Exceution" name="testCase11" time="30.202"/>
  <system-out/>
  <testcase classname="runner_Execution.Exceution" name="testCase11" time="30.137"/>
  <system-out/>
  <testcase classname="runner_Execution.Exceution" name="testCase11" time="30.194"/>
  <system-out/>
  <testcase classname="runner_Execution.Exceution" name="testCase11" time="30.154"/>
  <system-out/>
  <testcase classname="runner_Execution.Exceution" name="testCase11" time="30.172"/>
  <system-out/>
  <testcase classname="runner_Execution.Exceution" name="testCase11" time="30.171"/>
  <system-out/>
  <testcase classname="runner_Execution.Exceution" name="testCase11" time="30.173"/>
  <system-out/>
  <testcase classname="runner_Execution.Exceution" name="testCase11" time="33.232"/>
  <system-out/>
  <testcase classname="runner_Execution.Exceution" name="testCase11" time="30.164"/>
  <system-out/>
  <testcase classname="runner_Execution.Exceution" name="testCase11" time="30.184"/>
  <system-out/>
  <testcase classname="runner_Execution.Exceution" name="testCase11" time="30.182"/>
  <system-out/>
  <testcase classname="runner_Execution.Exceution" name="testCase11" time="30.138"/>
  <system-out/>
  <testcase classname="runner_Execution.Exceution" name="testCase11" time="33.156"/>
  <system-out/>
  <testcase classname="runner_Execution.Exceution" name="testCase11" time="33.757"/>
  <system-out/>
  <testcase classname="runner_Execution.Exceution" name="testCase11" time="33.821"/>
  <system-out/>
  <testcase classname="runner_Execution.Exceution" name="testCase11" time="30.143"/>
  <system-out/>
  <testcase classname="runner_Execution.Exceution" name="testCase11" time="30.183"/>
  <system-out/>
  <testcase classname="runner_Execution.Exceution" name="testCase11" time="30.151"/>
  <system-out/>
  <testcase classname="runner_Execution.Exceution" name="testCase11" time="30.118"/>
  <system-out/>
  <testcase classname="runner_Execution.Exceution" name="testCase11" time="30.183"/>
  <system-out/>
  <testcase classname="runner_Execution.Exceution" name="testCase11" time="30.135"/>
  <system-out/>
  <testcase classname="runner_Execution.Exceution" name="testCase11" time="30.169"/>
  <system-out/>
  <testcase classname="runner_Execution.Exceution" name="testCase11" time="30.145"/>
  <system-out/>
  <testcase classname="runner_Execution.Exceution" name="testCase11" time="30.170"/>
  <system-out/>
  <testcase classname="runner_Execution.Exceution" name="testCase11" time="33.621"/>
  <system-out/>
  <testcase classname="runner_Execution.Exceution" name="testCase11" time="30.170"/>
  <system-out/>
  <testcase classname="runner_Execution.Exceution" name="testCase11" time="33.303"/>
  <system-out/>
  <testcase classname="runner_Execution.Exceution" name="testCase11" time="33.156"/>
  <system-out/>
  <testcase classname="runner_Execution.Exceution" name="testCase11" time="30.132"/>
  <system-out/>
  <testcase classname="runner_Execution.Exceution" name="testCase11" time="30.163"/>
  <system-out/>
  <testcase classname="runner_Execution.Exceution" name="testCase11" time="30.131"/>
  <system-out/>
  <testcase classname="runner_Execution.Exceution" name="testCase11" time="30.134"/>
  <system-out/>
  <testcase classname="runner_Execution.Exceution" name="testCase11" time="30.153"/>
  <system-out/>
  <testcase classname="runner_Execution.Exceution" name="testCase11" time="30.172"/>
  <system-out/>
  <testcase classname="runner_Execution.Exceution" name="testCase11" time="30.176"/>
  <system-out/>
  <testcase classname="runner_Execution.Exceution" name="testCase11" time="30.189"/>
  <system-out/>
  <testcase classname="runner_Execution.Exceution" name="testCase11" time="30.138"/>
  <system-out/>
  <testcase classname="runner_Execution.Exceution" name="testCase11" time="30.172"/>
  <system-out/>
  <testcase classname="runner_Execution.Exceution" name="testCase11" time="30.140"/>
  <system-out/>
  <testcase classname="runner_Execution.Exceution" name="testCase11" time="30.133"/>
  <system-out/>
  <testcase classname="runner_Execution.Exceution" name="testCase11" time="30.151"/>
  <system-out/>
  <testcase classname="runner_Execution.Exceution" name="testCase11" time="30.195"/>
  <system-out/>
  <testcase classname="runner_Execution.Exceution" name="testCase11" time="30.122"/>
  <system-out/>
  <testcase classname="runner_Execution.Exceution" name="testCase11" time="30.138"/>
  <system-out/>
  <testcase classname="runner_Execution.Exceution" name="testCase11" time="33.140"/>
  <system-out/>
  <testcase classname="runner_Execution.Exceution" name="testCase11" time="30.159"/>
  <system-out/>
  <testcase classname="runner_Execution.Exceution" name="testCase11" time="30.171"/>
  <system-out/>
  <testcase classname="runner_Execution.Exceution" name="testCase11" time="30.210"/>
  <system-out/>
  <testcase classname="runner_Execution.Exceution" name="testCase11" time="30.143"/>
  <system-out/>
  <testcase classname="runner_Execution.Exceution" name="testCase11" time="30.172"/>
  <system-out/>
  <testcase classname="runner_Execution.Exceution" name="testCase11" time="30.193"/>
  <system-out/>
  <testcase classname="runner_Execution.Exceution" name="testCase11" time="30.192"/>
  <system-out/>
  <testcase classname="runner_Execution.Exceution" name="testCase11" time="30.139"/>
  <system-out/>
  <testcase classname="runner_Execution.Exceution" name="testCase11" time="30.147"/>
  <system-out/>
  <testcase classname="runner_Execution.Exceution" name="testCase11" time="33.132"/>
  <system-out/>
  <testcase classname="runner_Execution.Exceution" name="testCase11" time="33.753"/>
  <system-out/>
  <testcase classname="runner_Execution.Exceution" name="testCase11" time="30.135"/>
  <system-out/>
  <testcase classname="runner_Execution.Exceution" name="testCase11" time="30.128"/>
  <system-out/>
  <testcase classname="runner_Execution.Exceution" name="testCase11" time="30.143"/>
  <system-out/>
  <testcase classname="runner_Execution.Exceution" name="testCase11" time="30.128"/>
  <system-out/>
  <testcase classname="runner_Execution.Exceution" name="testCase11" time="30.182"/>
  <system-out/>
  <testcase classname="runner_Execution.Exceution" name="testCase11" time="30.138"/>
  <system-out/>
  <testcase classname="runner_Execution.Exceution" name="testCase11" time="30.176"/>
  <system-out/>
  <testcase classname="runner_Execution.Exceution" name="testCase11" time="33.141"/>
  <system-out/>
  <testcase classname="runner_Execution.Exceution" name="testCase11" time="30.158"/>
  <system-out/>
  <testcase classname="runner_Execution.Exceution" name="testCase11" time="30.145"/>
  <system-out/>
  <testcase classname="runner_Execution.Exceution" name="testCase11" time="30.155"/>
  <system-out/>
  <testcase classname="runner_Execution.Exceution" name="testCase11" time="30.206"/>
  <system-out/>
  <testcase classname="runner_Execution.Exceution" name="testCase11" time="30.203"/>
  <system-out/>
  <testcase classname="runner_Execution.Exceution" name="testCase11" time="30.184"/>
  <system-out/>
  <testcase classname="runner_Execution.Exceution" name="testCase11" time="30.173"/>
  <system-out/>
  <testcase classname="runner_Execution.Exceution" name="testCase11" time="33.845"/>
  <system-out/>
  <testcase classname="runner_Execution.Exceution" name="testCase11" time="30.194"/>
  <system-out/>
  <testcase classname="runner_Execution.Exceution" name="testCase11" time="30.126"/>
  <system-out/>
  <testcase classname="runner_Execution.Exceution" name="testCase11" time="30.204"/>
  <system-out/>
  <testcase classname="runner_Execution.Exceution" name="testCase11" time="33.251"/>
  <system-out/>
  <testcase classname="runner_Execution.Exceution" name="testCase11" time="30.180"/>
  <system-out/>
  <testcase classname="runner_Execution.Exceution" name="testCase11" time="30.159"/>
  <system-out/>
  <testcase classname="runner_Execution.Exceution" name="testCase11" time="30.196"/>
  <system-out/>
  <testcase classname="runner_Execution.Exceution" name="testCase11" time="33.317"/>
  <system-out/>
  <testcase classname="runner_Execution.Exceution" name="testCase11" time="30.113"/>
  <system-out/>
  <testcase classname="runner_Execution.Exceution" name="testCase11" time="30.133"/>
  <system-out/>
  <testcase classname="runner_Execution.Exceution" name="testCase11" time="30.181"/>
  <system-out/>
  <testcase classname="runner_Execution.Exceution" name="testCase11" time="34.245"/>
  <system-out/>
  <testcase classname="runner_Execution.Exceution" name="testCase11" time="30.187"/>
  <system-out/>
  <testcase classname="runner_Execution.Exceution" name="testCase11" time="30.135"/>
  <system-out/>
  <testcase classname="runner_Execution.Exceution" name="testCase11" time="30.177"/>
  <system-out/>
  <testcase classname="runner_Execution.Exceution" name="testCase11" time="30.184"/>
  <system-out/>
  <testcase classname="runner_Execution.Exceution" name="testCase11" time="30.182"/>
  <system-out/>
  <testcase classname="runner_Execution.Exceution" name="testCase11" time="33.247"/>
  <system-out/>
  <testcase classname="runner_Execution.Exceution" name="testCase11" time="30.168"/>
  <system-out/>
  <testcase classname="runner_Execution.Exceution" name="testCase11" time="30.155"/>
  <system-out/>
  <testcase classname="runner_Execution.Exceution" name="testCase11" time="30.168"/>
  <system-out/>
  <testcase classname="runner_Execution.Exceution" name="testCase11" time="33.322"/>
  <system-out/>
  <testcase classname="runner_Execution.Exceution" name="testCase11" time="30.152"/>
  <system-out/>
  <testcase classname="runner_Execution.Exceution" name="testCase11" time="30.169"/>
  <system-out/>
  <testcase classname="runner_Execution.Exceution" name="testCase11" time="30.129"/>
  <system-out/>
  <testcase classname="runner_Execution.Exceution" name="testCase11" time="30.115"/>
  <system-out/>
  <testcase classname="runner_Execution.Exceution" name="testCase11" time="30.132"/>
  <system-out/>
  <testcase classname="runner_Execution.Exceution" name="testCase11" time="30.114"/>
  <system-out/>
  <testcase classname="runner_Execution.Exceution" name="testCase11" time="30.152"/>
  <system-out/>
  <testcase classname="runner_Execution.Exceution" name="testCase11" time="30.129"/>
  <system-out/>
  <testcase classname="runner_Execution.Exceution" name="testCase11" time="30.124"/>
  <system-out/>
  <testcase classname="runner_Execution.Exceution" name="testCase11" time="30.152"/>
  <system-out/>
  <testcase classname="runner_Execution.Exceution" name="testCase11" time="30.163"/>
  <system-out/>
  <testcase classname="runner_Execution.Exceution" name="testCase11" time="30.182"/>
  <system-out/>
  <testcase classname="runner_Execution.Exceution" name="testCase11" time="30.166"/>
  <system-out/>
  <testcase classname="runner_Execution.Exceution" name="testCase11" time="30.147"/>
  <system-out/>
  <testcase classname="runner_Execution.Exceution" name="testCase11" time="30.128"/>
  <system-out/>
  <testcase classname="runner_Execution.Exceution" name="testCase11" time="30.189"/>
  <system-out/>
  <testcase classname="runner_Execution.Exceution" name="testCase11" time="30.114"/>
  <system-out/>
  <testcase classname="runner_Execution.Exceution" name="testCase11" time="30.158"/>
  <system-out/>
  <testcase classname="runner_Execution.Exceution" name="testCase11" time="30.155"/>
  <system-out/>
  <testcase classname="runner_Execution.Exceution" name="testCase11" time="33.210"/>
  <system-out/>
  <testcase classname="runner_Execution.Exceution" name="testCase11" time="30.138"/>
  <system-out/>
  <testcase classname="runner_Execution.Exceution" name="testCase11" time="30.141"/>
  <system-out/>
  <testcase classname="runner_Execution.Exceution" name="testCase11" time="30.142"/>
  <system-out/>
  <testcase classname="runner_Execution.Exceution" name="testCase11" time="30.122"/>
  <system-out/>
  <testcase classname="runner_Execution.Exceution" name="testCase11" time="30.198"/>
  <system-out/>
  <testcase classname="runner_Execution.Exceution" name="testCase11" time="30.165"/>
  <system-out/>
  <testcase classname="runner_Execution.Exceution" name="testCase11" time="30.190"/>
  <system-out/>
  <testcase classname="runner_Execution.Exceution" name="testCase11" time="33.680"/>
  <system-out/>
  <testcase classname="runner_Execution.Exceution" name="testCase11" time="30.198"/>
  <system-out/>
  <testcase classname="runner_Execution.Exceution" name="testCase11" time="30.107"/>
  <system-out/>
  <testcase classname="runner_Execution.Exceution" name="testCase11" time="30.155"/>
  <system-out/>
  <testcase classname="runner_Execution.Exceution" name="testCase11" time="30.148"/>
  <system-out/>
  <testcase classname="runner_Execution.Exceution" name="testCase11" time="30.197"/>
  <system-out/>
  <testcase classname="runner_Execution.Exceution" name="testCase11" time="30.134"/>
  <system-out/>
  <testcase classname="runner_Execution.Exceution" name="testCase11" time="30.182"/>
  <system-out/>
  <testcase classname="runner_Execution.Exceution" name="testCase11" time="30.145"/>
  <system-out/>
  <testcase classname="runner_Execution.Exceution" name="testCase11" time="30.174"/>
  <system-out/>
  <testcase classname="runner_Execution.Exceution" name="testCase11" time="30.184"/>
  <system-out/>
  <testcase classname="runner_Execution.Exceution" name="testCase11" time="30.188"/>
  <system-out/>
  <testcase classname="runner_Execution.Exceution" name="testCase11" time="30.161"/>
  <system-out/>
  <testcase classname="runner_Execution.Exceution" name="testCase11" time="30.161"/>
  <system-out/>
  <testcase classname="runner_Execution.Exceution" name="testCase11" time="34.324"/>
  <system-out/>
  <testcase classname="runner_Execution.Exceution" name="testCase11" time="30.208"/>
  <system-out/>
  <testcase classname="runner_Execution.Exceution" name="testCase11" time="30.191"/>
  <system-out/>
  <testcase classname="runner_Execution.Exceution" name="testCase11" time="30.146"/>
  <system-out/>
  <testcase classname="runner_Execution.Exceution" name="testCase11" time="30.171"/>
  <system-out/>
  <testcase classname="runner_Execution.Exceution" name="testCase11" time="30.170"/>
  <system-out/>
  <testcase classname="runner_Execution.Exceution" name="testCase11" time="30.154"/>
  <system-out/>
  <testcase classname="runner_Execution.Exceution" name="testCase11" time="30.170"/>
  <system-out/>
  <testcase classname="runner_Execution.Exceution" name="testCase11" time="30.195"/>
  <system-out/>
  <testcase classname="runner_Execution.Exceution" name="testCase11" time="33.720"/>
  <system-out/>
  <testcase classname="runner_Execution.Exceution" name="testCase11" time="33.279"/>
  <system-out/>
  <testcase classname="runner_Execution.Exceution" name="testCase11" time="33.602"/>
  <system-out/>
  <testcase classname="runner_Execution.Exceution" name="testCase11" time="30.183"/>
  <system-out/>
  <testcase classname="runner_Execution.Exceution" name="testCase11" time="33.736"/>
  <system-out/>
  <testcase classname="runner_Execution.Exceution" name="testCase11" time="30.166"/>
  <system-out/>
  <testcase classname="runner_Execution.Exceution" name="testCase11" time="30.110"/>
  <system-out/>
  <testcase classname="runner_Execution.Exceution" name="testCase11" time="30.180"/>
  <system-out/>
  <testcase classname="runner_Execution.Exceution" name="testCase11" time="33.254"/>
  <system-out/>
  <testcase classname="runner_Execution.Exceution" name="testCase11" time="30.176"/>
  <system-out/>
  <testcase classname="runner_Execution.Exceution" name="testCase11" time="30.183"/>
  <system-out/>
  <testcase classname="runner_Execution.Exceution" name="testCase11" time="30.167"/>
  <system-out/>
  <testcase classname="runner_Execution.Exceution" name="testCase11" time="30.181"/>
  <system-out/>
  <testcase classname="runner_Execution.Exceution" name="testCase11" time="30.125"/>
  <system-out/>
  <testcase classname="runner_Execution.Exceution" name="testCase11" time="30.133"/>
  <system-out/>
  <testcase classname="runner_Execution.Exceution" name="testCase11" time="30.165"/>
  <system-out/>
  <testcase classname="runner_Execution.Exceution" name="testCase11" time="30.212"/>
  <system-out/>
  <testcase classname="runner_Execution.Exceution" name="testCase11" time="30.169"/>
  <system-out/>
  <testcase classname="runner_Execution.Exceution" name="testCase11" time="30.133"/>
  <system-out/>
  <testcase classname="runner_Execution.Exceution" name="testCase11" time="30.143"/>
  <system-out/>
  <testcase classname="runner_Execution.Exceution" name="testCase11" time="30.161"/>
  <system-out/>
  <testcase classname="runner_Execution.Exceution" name="testCase11" time="30.197"/>
  <system-out/>
  <testcase classname="runner_Execution.Exceution" name="testCase11" time="30.148"/>
  <system-out/>
  <testcase classname="runner_Execution.Exceution" name="testCase11" time="30.135"/>
  <system-out/>
  <testcase classname="runner_Execution.Exceution" name="testCase11" time="30.213"/>
  <system-out/>
  <testcase classname="runner_Execution.Exceution" name="testCase11" time="30.110"/>
  <system-out/>
  <testcase classname="runner_Execution.Exceution" name="testCase11" time="30.198"/>
  <system-out/>
  <testcase classname="runner_Execution.Exceution" name="testCase11" time="30.125"/>
  <system-out/>
  <testcase classname="runner_Execution.Exceution" name="testCase11" time="30.158"/>
  <system-out/>
  <testcase classname="runner_Execution.Exceution" name="testCase11" time="30.151"/>
  <system-out/>
  <testcase classname="runner_Execution.Exceution" name="testCase11" time="30.166"/>
  <system-out/>
  <testcase classname="runner_Execution.Exceution" name="testCase11" time="30.164"/>
  <system-out/>
  <testcase classname="runner_Execution.Exceution" name="testCase11" time="30.153"/>
  <system-out/>
  <testcase classname="runner_Execution.Exceution" name="testCase11" time="33.279"/>
  <system-out/>
  <testcase classname="runner_Execution.Exceution" name="testCase11" time="30.128"/>
  <system-out/>
  <testcase classname="runner_Execution.Exceution" name="testCase11" time="30.158"/>
  <system-out/>
  <testcase classname="runner_Execution.Exceution" name="testCase11" time="30.171"/>
  <system-out/>
  <testcase classname="runner_Execution.Exceution" name="testCase11" time="33.080"/>
  <system-out/>
  <testcase classname="runner_Execution.Exceution" name="testCase11" time="30.167"/>
  <system-out/>
  <testcase classname="runner_Execution.Exceution" name="testCase11" time="30.136"/>
  <system-out/>
  <testcase classname="runner_Execution.Exceution" name="testCase11" time="30.184"/>
  <system-out/>
  <testcase classname="runner_Execution.Exceution" name="testCase11" time="30.183"/>
  <system-out/>
  <testcase classname="runner_Execution.Exceution" name="testCase11" time="33.330"/>
  <system-out/>
  <testcase classname="runner_Execution.Exceution" name="testCase11" time="30.121"/>
  <system-out/>
  <testcase classname="runner_Execution.Exceution" name="testCase11" time="30.159"/>
  <system-out/>
  <testcase classname="runner_Execution.Exceution" name="testCase11" time="30.183"/>
  <system-out/>
  <testcase classname="runner_Execution.Exceution" name="testCase11" time="30.129"/>
  <system-out/>
  <testcase classname="runner_Execution.Exceution" name="testCase11" time="30.177"/>
  <system-out/>
  <testcase classname="runner_Execution.Exceution" name="testCase11" time="30.157"/>
  <system-out/>
  <testcase classname="runner_Execution.Exceution" name="testCase11" time="30.179"/>
  <system-out/>
  <testcase classname="runner_Execution.Exceution" name="testCase11" time="30.135"/>
  <system-out/>
  <testcase classname="runner_Execution.Exceution" name="testCase11" time="30.176"/>
  <system-out/>
  <testcase classname="runner_Execution.Exceution" name="testCase11" time="30.147"/>
  <system-out/>
  <testcase classname="runner_Execution.Exceution" name="testCase11" time="30.164"/>
  <system-out/>
  <testcase classname="runner_Execution.Exceution" name="testCase11" time="30.169"/>
  <system-out/>
  <testcase classname="runner_Execution.Exceution" name="testCase11" time="30.157"/>
  <system-out/>
  <testcase classname="runner_Execution.Exceution" name="testCase11" time="33.352"/>
  <system-out/>
  <testcase classname="runner_Execution.Exceution" name="testCase11" time="30.203"/>
  <system-out/>
  <testcase classname="runner_Execution.Exceution" name="testCase11" time="30.172"/>
  <system-out/>
  <testcase classname="runner_Execution.Exceution" name="testCase11" time="33.236"/>
  <system-out/>
  <testcase classname="runner_Execution.Exceution" name="testCase11" time="30.130"/>
  <system-out/>
  <testcase classname="runner_Execution.Exceution" name="testCase11" time="30.148"/>
  <system-out/>
  <testcase classname="runner_Execution.Exceution" name="testCase11" time="30.172"/>
  <system-out/>
  <testcase classname="runner_Execution.Exceution" name="testCase11" time="30.198"/>
  <system-out/>
  <testcase classname="runner_Execution.Exceution" name="testCase11" time="30.166"/>
  <system-out/>
  <testcase classname="runner_Execution.Exceution" name="testCase11" time="30.142"/>
  <system-out/>
  <testcase classname="runner_Execution.Exceution" name="testCase11" time="33.304"/>
  <system-out/>
  <testcase classname="runner_Execution.Exceution" name="testCase11" time="30.139"/>
  <system-out/>
  <testcase classname="runner_Execution.Exceution" name="testCase11" time="30.185"/>
  <system-out/>
  <testcase classname="runner_Execution.Exceution" name="testCase11" time="33.235"/>
  <system-out/>
  <testcase classname="runner_Execution.Exceution" name="testCase11" time="30.200"/>
  <system-out/>
  <testcase classname="runner_Execution.Exceution" name="testCase11" time="30.168"/>
  <system-out/>
  <testcase classname="runner_Execution.Exceution" name="testCase11" time="30.176"/>
  <system-out/>
  <testcase classname="runner_Execution.Exceution" name="testCase11" time="30.157"/>
  <system-out/>
  <testcase classname="runner_Execution.Exceution" name="testCase11" time="30.152"/>
  <system-out/>
  <testcase classname="runner_Execution.Exceution" name="testCase11" time="30.163"/>
  <system-out/>
  <testcase classname="runner_Execution.Exceution" name="testCase11" time="30.167"/>
  <system-out/>
  <testcase classname="runner_Execution.Exceution" name="testCase11" time="30.167"/>
  <system-out/>
  <testcase classname="runner_Execution.Exceution" name="testCase11" time="33.128"/>
  <system-out/>
  <testcase classname="runner_Execution.Exceution" name="testCase11" time="30.174"/>
  <system-out/>
  <testcase classname="runner_Execution.Exceution" name="testCase11" time="30.185"/>
  <system-out/>
  <testcase classname="runner_Execution.Exceution" name="testCase11" time="30.120"/>
  <system-out/>
  <testcase classname="runner_Execution.Exceution" name="testCase11" time="30.157"/>
  <system-out/>
  <testcase classname="runner_Execution.Exceution" name="testCase11" time="30.151"/>
  <system-out/>
  <testcase classname="runner_Execution.Exceution" name="testCase11" time="30.112"/>
  <system-out/>
  <testcase classname="runner_Execution.Exceution" name="testCase11" time="30.193"/>
  <system-out/>
  <testcase classname="runner_Execution.Exceution" name="testCase11" time="30.178"/>
  <system-out/>
  <testcase classname="runner_Execution.Exceution" name="testCase11" time="30.182"/>
  <system-out/>
  <testcase classname="runner_Execution.Exceution" name="testCase11" time="30.153"/>
  <system-out/>
  <testcase classname="runner_Execution.Exceution" name="testCase11" time="30.165"/>
  <system-out/>
  <testcase classname="runner_Execution.Exceution" name="testCase11" time="30.184"/>
  <system-out/>
  <testcase classname="runner_Execution.Exceution" name="testCase11" time="33.640"/>
  <system-out/>
  <testcase classname="runner_Execution.Exceution" name="testCase11" time="33.279"/>
  <system-out/>
  <testcase classname="runner_Execution.Exceution" name="testCase11" time="30.193"/>
  <system-out/>
  <testcase classname="runner_Execution.Exceution" name="testCase11" time="30.168"/>
  <system-out/>
  <testcase classname="runner_Execution.Exceution" name="testCase11" time="30.157"/>
  <system-out/>
  <testcase classname="runner_Execution.Exceution" name="testCase11" time="33.610"/>
  <system-out/>
  <testcase classname="runner_Execution.Exceution" name="testCase11" time="30.182"/>
  <system-out/>
  <testcase classname="runner_Execution.Exceution" name="testCase11" time="30.170"/>
  <system-out/>
  <testcase classname="runner_Execution.Exceution" name="testCase11" time="33.508"/>
  <system-out/>
  <testcase classname="runner_Execution.Exceution" name="testCase11" time="33.225"/>
  <system-out/>
  <testcase classname="runner_Execution.Exceution" name="testCase11" time="30.183"/>
  <system-out/>
  <testcase classname="runner_Execution.Exceution" name="testCase11" time="30.114"/>
  <system-out/>
  <testcase classname="runner_Execution.Exceution" name="testCase11" time="30.213"/>
  <system-out/>
  <testcase classname="runner_Execution.Exceution" name="testCase11" time="30.182"/>
  <system-out/>
  <testcase classname="runner_Execution.Exceution" name="testCase11" time="30.204"/>
  <system-out/>
  <testcase classname="runner_Execution.Exceution" name="testCase11" time="30.182"/>
  <system-out/>
  <testcase classname="runner_Execution.Exceution" name="testCase11" time="30.202"/>
  <system-out/>
  <testcase classname="runner_Execution.Exceution" name="testCase11" time="30.110"/>
  <system-out/>
  <testcase classname="runner_Execution.Exceution" name="testCase11" time="30.186"/>
  <system-out/>
  <testcase classname="runner_Execution.Exceution" name="testCase11" time="30.178"/>
  <system-out/>
  <testcase classname="runner_Execution.Exceution" name="testCase11" time="33.096"/>
  <system-out/>
  <testcase classname="runner_Execution.Exceution" name="testCase11" time="30.169"/>
  <system-out/>
  <testcase classname="runner_Execution.Exceution" name="testCase11" time="30.154"/>
  <system-out/>
  <testcase classname="runner_Execution.Exceution" name="testCase11" time="30.137"/>
  <system-out/>
  <testcase classname="runner_Execution.Exceution" name="testCase11" time="30.153"/>
  <system-out/>
  <testcase classname="runner_Execution.Exceution" name="testCase11" time="33.895"/>
  <system-out/>
  <testcase classname="runner_Execution.Exceution" name="testCase11" time="30.183"/>
  <system-out/>
  <testcase classname="runner_Execution.Exceution" name="testCase11" time="30.171"/>
  <system-out/>
  <testcase classname="runner_Execution.Exceution" name="testCase11" time="30.167"/>
  <system-out/>
  <testcase classname="runner_Execution.Exceution" name="testCase11" time="30.179"/>
  <system-out/>
  <testcase classname="runner_Execution.Exceution" name="testCase11" time="30.128"/>
  <system-out/>
  <testcase classname="runner_Execution.Exceution" name="testCase11" time="30.144"/>
  <system-out/>
  <testcase classname="runner_Execution.Exceution" name="testCase11" time="30.188"/>
  <system-out/>
  <testcase classname="runner_Execution.Exceution" name="testCase11" time="30.133"/>
  <system-out/>
  <testcase classname="runner_Execution.Exceution" name="testCase11" time="33.239"/>
  <system-out/>
  <testcase classname="runner_Execution.Exceution" name="testCase11" time="30.119"/>
  <system-out/>
  <testcase classname="runner_Execution.Exceution" name="testCase11" time="30.174"/>
  <system-out/>
  <testcase classname="runner_Execution.Exceution" name="testCase11" time="30.151"/>
  <system-out/>
  <testcase classname="runner_Execution.Exceution" name="testCase11" time="30.177"/>
  <system-out/>
  <testcase classname="runner_Execution.Exceution" name="testCase11" time="30.125"/>
  <system-out/>
  <testcase classname="runner_Execution.Exceution" name="testCase11" time="30.173"/>
  <system-out/>
  <testcase classname="runner_Execution.Exceution" name="testCase11" time="30.152"/>
  <system-out/>
  <testcase classname="runner_Execution.Exceution" name="testCase11" time="33.188"/>
  <system-out/>
  <testcase classname="runner_Execution.Exceution" name="testCase11" time="30.136"/>
  <system-out/>
  <testcase classname="runner_Execution.Exceution" name="testCase11" time="30.125"/>
  <system-out/>
  <testcase classname="runner_Execution.Exceution" name="testCase11" time="30.163"/>
  <system-out/>
  <testcase classname="runner_Execution.Exceution" name="testCase11" time="30.122"/>
  <system-out/>
  <testcase classname="runner_Execution.Exceution" name="testCase11" time="33.253"/>
  <system-out/>
  <testcase classname="runner_Execution.Exceution" name="testCase11" time="30.140"/>
  <system-out/>
  <testcase classname="runner_Execution.Exceution" name="testCase11" time="30.198"/>
  <system-out/>
  <testcase classname="runner_Execution.Exceution" name="testCase11" time="30.216"/>
  <system-out/>
  <testcase classname="runner_Execution.Exceution" name="testCase11" time="32.758"/>
  <system-out/>
  <testcase classname="runner_Execution.Exceution" name="testCase11" time="30.137"/>
  <system-out/>
  <testcase classname="runner_Execution.Exceution" name="testCase11" time="33.114"/>
  <system-out/>
  <testcase classname="runner_Execution.Exceution" name="testCase11" time="30.149"/>
  <system-out/>
  <testcase classname="runner_Execution.Exceution" name="testCase11" time="30.162"/>
  <system-out/>
  <testcase classname="runner_Execution.Exceution" name="testCase11" time="30.161"/>
  <system-out/>
  <testcase classname="runner_Execution.Exceution" name="testCase11" time="30.174"/>
  <system-out/>
  <testcase classname="runner_Execution.Exceution" name="testCase11" time="30.197"/>
  <system-out/>
  <testcase classname="runner_Execution.Exceution" name="testCase11" time="33.275"/>
  <system-out/>
  <testcase classname="runner_Execution.Exceution" name="testCase11" time="30.129"/>
  <system-out/>
  <testcase classname="runner_Execution.Exceution" name="testCase11" time="30.206"/>
  <system-out/>
  <testcase classname="runner_Execution.Exceution" name="testCase11" time="30.143"/>
  <system-out/>
  <testcase classname="runner_Execution.Exceution" name="testCase11" time="30.126"/>
  <system-out/>
  <testcase classname="runner_Execution.Exceution" name="testCase11" time="30.129"/>
  <system-out/>
  <testcase classname="runner_Execution.Exceution" name="testCase11" time="30.158"/>
  <system-out/>
  <testcase classname="runner_Execution.Exceution" name="testCase11" time="30.143"/>
  <system-out/>
  <testcase classname="runner_Execution.Exceution" name="testCase11" time="30.135"/>
  <system-out/>
  <testcase classname="runner_Execution.Exceution" name="testCase11" time="30.166"/>
  <system-out/>
  <testcase classname="runner_Execution.Exceution" name="testCase11" time="30.136"/>
  <system-out/>
  <testcase classname="runner_Execution.Exceution" name="testCase11" time="30.155"/>
  <system-out/>
  <testcase classname="runner_Execution.Exceution" name="testCase11" time="30.144"/>
  <system-out/>
  <testcase classname="runner_Execution.Exceution" name="testCase11" time="30.182"/>
  <system-out/>
  <testcase classname="runner_Execution.Exceution" name="testCase11" time="30.125"/>
  <system-out/>
  <testcase classname="runner_Execution.Exceution" name="testCase11" time="30.187"/>
  <system-out/>
  <testcase classname="runner_Execution.Exceution" name="testCase11" time="30.183"/>
  <system-out/>
  <testcase classname="runner_Execution.Exceution" name="testCase11" time="30.193"/>
  <system-out/>
  <testcase classname="runner_Execution.Exceution" name="testCase11" time="30.172"/>
  <system-out/>
  <testcase classname="runner_Execution.Exceution" name="testCase11" time="30.130"/>
  <system-out/>
  <testcase classname="runner_Execution.Exceution" name="testCase11" time="33.658"/>
  <system-out/>
  <testcase classname="runner_Execution.Exceution" name="testCase11" time="30.193"/>
  <system-out/>
  <testcase classname="runner_Execution.Exceution" name="testCase11" time="30.133"/>
  <system-out/>
  <testcase classname="runner_Execution.Exceution" name="testCase11" time="30.129"/>
  <system-out/>
  <testcase classname="runner_Execution.Exceution" name="testCase11" time="30.202"/>
  <system-out/>
  <testcase classname="runner_Execution.Exceution" name="testCase11" time="30.193"/>
  <system-out/>
  <testcase classname="runner_Execution.Exceution" name="testCase11" time="30.197"/>
  <system-out/>
  <testcase classname="runner_Execution.Exceution" name="testCase11" time="30.144"/>
  <system-out/>
  <testcase classname="runner_Execution.Exceution" name="testCase11" time="30.130"/>
  <system-out/>
  <testcase classname="runner_Execution.Exceution" name="testCase11" time="30.193"/>
  <system-out/>
  <testcase classname="runner_Execution.Exceution" name="testCase11" time="33.294"/>
  <system-out/>
  <testcase classname="runner_Execution.Exceution" name="testCase11" time="30.134"/>
  <system-out/>
  <testcase classname="runner_Execution.Exceution" name="testCase11" time="30.171"/>
  <system-out/>
  <testcase classname="runner_Execution.Exceution" name="testCase11" time="33.185"/>
  <system-out/>
  <testcase classname="runner_Execution.Exceution" name="testCase11" time="30.129"/>
  <system-out/>
  <testcase classname="runner_Execution.Exceution" name="testCase11" time="30.186"/>
  <system-out/>
  <testcase classname="runner_Execution.Exceution" name="testCase11" time="30.135"/>
  <system-out/>
  <testcase classname="runner_Execution.Exceution" name="testCase11" time="30.124"/>
  <system-out/>
  <testcase classname="runner_Execution.Exceution" name="testCase11" time="30.153"/>
  <system-out/>
  <testcase classname="runner_Execution.Exceution" name="testCase11" time="30.146"/>
  <system-out/>
  <testcase classname="runner_Execution.Exceution" name="testCase11" time="33.147"/>
  <system-out/>
  <testcase classname="runner_Execution.Exceution" name="testCase11" time="33.781"/>
  <system-out/>
  <testcase classname="runner_Execution.Exceution" name="testCase11" time="30.127"/>
  <system-out/>
  <testcase classname="runner_Execution.Exceution" name="testCase11" time="30.169"/>
  <system-out/>
  <testcase classname="runner_Execution.Exceution" name="testCase11" time="30.129"/>
  <system-out/>
  <testcase classname="runner_Execution.Exceution" name="testCase11" time="30.170"/>
  <system-out/>
  <testcase classname="runner_Execution.Exceution" name="testCase11" time="33.108"/>
  <system-out/>
  <testcase classname="runner_Execution.Exceution" name="testCase11" time="30.178"/>
  <system-out/>
  <testcase classname="runner_Execution.Exceution" name="testCase11" time="30.179"/>
  <system-out/>
  <testcase classname="runner_Execution.Exceution" name="testCase11" time="30.192"/>
  <system-out/>
  <testcase classname="runner_Execution.Exceution" name="testCase11" time="33.755"/>
  <system-out/>
  <testcase classname="runner_Execution.Exceution" name="testCase11" time="30.166"/>
  <system-out/>
  <testcase classname="runner_Execution.Exceution" name="testCase11" time="30.145"/>
  <system-out/>
  <testcase classname="runner_Execution.Exceution" name="testCase11" time="33.161"/>
  <system-out/>
  <testcase classname="runner_Execution.Exceution" name="testCase11" time="30.185"/>
  <system-out/>
  <testcase classname="runner_Execution.Exceution" name="testCase11" time="30.141"/>
  <system-out/>
  <testcase classname="runner_Execution.Exceution" name="testCase11" time="30.200"/>
  <system-out/>
  <testcase classname="runner_Execution.Exceution" name="testCase11" time="30.179"/>
  <system-out/>
  <testcase classname="runner_Execution.Exceution" name="testCase11" time="33.127"/>
  <system-out/>
  <testcase classname="runner_Execution.Exceution" name="testCase11" time="30.147"/>
  <system-out/>
  <testcase classname="runner_Execution.Exceution" name="testCase11" time="30.145"/>
  <system-out/>
  <testcase classname="runner_Execution.Exceution" name="testCase11" time="30.168"/>
  <system-out/>
  <testcase classname="runner_Execution.Exceution" name="testCase11" time="33.171"/>
  <system-out/>
  <testcase classname="runner_Execution.Exceution" name="testCase11" time="30.140"/>
  <system-out/>
  <testcase classname="runner_Execution.Exceution" name="testCase11" time="30.198"/>
  <system-out/>
  <testcase classname="runner_Execution.Exceution" name="testCase11" time="30.145"/>
  <system-out/>
  <testcase classname="runner_Execution.Exceution" name="testCase11" time="30.137"/>
  <system-out/>
  <testcase classname="runner_Execution.Exceution" name="testCase11" time="30.150"/>
  <system-out/>
  <testcase classname="runner_Execution.Exceution" name="testCase11" time="33.546"/>
  <system-out/>
  <testcase classname="runner_Execution.Exceution" name="testCase11" time="30.177"/>
  <system-out/>
  <testcase classname="runner_Execution.Exceution" name="testCase11" time="30.155"/>
  <system-out/>
  <testcase classname="runner_Execution.Exceution" name="testCase11" time="30.126"/>
  <system-out/>
  <testcase classname="runner_Execution.Exceution" name="testCase11" time="30.125"/>
  <system-out/>
  <testcase classname="runner_Execution.Exceution" name="testCase11" time="30.154"/>
  <system-out/>
  <testcase classname="runner_Execution.Exceution" name="testCase11" time="30.125"/>
  <system-out/>
  <testcase classname="runner_Execution.Exceution" name="testCase11" time="30.174"/>
  <system-out/>
  <testcase classname="runner_Execution.Exceution" name="testCase11" time="30.198"/>
  <system-out/>
  <testcase classname="runner_Execution.Exceution" name="testCase11" time="30.180"/>
  <system-out/>
  <testcase classname="runner_Execution.Exceution" name="testCase11" time="30.153"/>
  <system-out/>
  <testcase classname="runner_Execution.Exceution" name="testCase11" time="33.213"/>
  <system-out/>
  <testcase classname="runner_Execution.Exceution" name="testCase11" time="30.141"/>
  <system-out/>
  <testcase classname="runner_Execution.Exceution" name="testCase11" time="30.170"/>
  <system-out/>
  <testcase classname="runner_Execution.Exceution" name="testCase11" time="30.099"/>
  <system-out/>
  <testcase classname="runner_Execution.Exceution" name="testCase11" time="30.166"/>
  <system-out/>
  <testcase classname="runner_Execution.Exceution" name="testCase11" time="30.117"/>
  <system-out/>
  <testcase classname="runner_Execution.Exceution" name="testCase11" time="30.130"/>
  <system-out/>
  <testcase classname="runner_Execution.Exceution" name="testCase11" time="30.112"/>
  <system-out/>
  <testcase classname="runner_Execution.Exceution" name="testCase11" time="30.185"/>
  <system-out/>
  <testcase classname="runner_Execution.Exceution" name="testCase11" time="33.470"/>
  <system-out/>
  <testcase classname="runner_Execution.Exceution" name="testCase11" time="30.159"/>
  <system-out/>
  <testcase classname="runner_Execution.Exceution" name="testCase11" time="30.155"/>
  <system-out/>
  <testcase classname="runner_Execution.Exceution" name="testCase11" time="30.167"/>
  <system-out/>
  <testcase classname="runner_Execution.Exceution" name="testCase11" time="30.112"/>
  <system-out/>
  <testcase classname="runner_Execution.Exceution" name="testCase11" time="33.129"/>
  <system-out/>
  <testcase classname="runner_Execution.Exceution" name="testCase11" time="33.533"/>
  <system-out/>
  <testcase classname="runner_Execution.Exceution" name="testCase11" time="30.177"/>
  <system-out/>
  <testcase classname="runner_Execution.Exceution" name="testCase11" time="30.128"/>
  <system-out/>
  <testcase classname="runner_Execution.Exceution" name="testCase11" time="30.204"/>
  <system-out/>
  <testcase classname="runner_Execution.Exceution" name="testCase11" time="30.165"/>
  <system-out/>
  <testcase classname="runner_Execution.Exceution" name="testCase11" time="33.191"/>
  <system-out/>
  <testcase classname="runner_Execution.Exceution" name="testCase11" time="30.138"/>
  <system-out/>
  <testcase classname="runner_Execution.Exceution" name="testCase11" time="30.150"/>
  <system-out/>
  <testcase classname="runner_Execution.Exceution" name="testCase11" time="30.151"/>
  <system-out/>
  <testcase classname="runner_Execution.Exceution" name="testCase11" time="30.146"/>
  <system-out/>
  <testcase classname="runner_Execution.Exceution" name="testCase11" time="30.159"/>
  <system-out/>
  <testcase classname="runner_Execution.Exceution" name="testCase11" time="30.213"/>
  <system-out/>
  <testcase classname="runner_Execution.Exceution" name="testCase11" time="30.173"/>
  <system-out/>
  <testcase classname="runner_Execution.Exceution" name="testCase11" time="33.174"/>
  <system-out/>
  <testcase classname="runner_Execution.Exceution" name="testCase11" time="30.192"/>
  <system-out/>
  <testcase classname="runner_Execution.Exceution" name="testCase11" time="30.136"/>
  <system-out/>
  <testcase classname="runner_Execution.Exceution" name="testCase11" time="30.164"/>
  <system-out/>
  <testcase classname="runner_Execution.Exceution" name="testCase11" time="30.129"/>
  <system-out/>
  <testcase classname="runner_Execution.Exceution" name="testCase11" time="32.963"/>
  <system-out/>
  <testcase classname="runner_Execution.Exceution" name="testCase11" time="33.792"/>
  <system-out/>
  <testcase classname="runner_Execution.Exceution" name="testCase11" time="30.155"/>
  <system-out/>
  <testcase classname="runner_Execution.Exceution" name="testCase11" time="30.117"/>
  <system-out/>
  <testcase classname="runner_Execution.Exceution" name="testCase11" time="33.721"/>
  <system-out/>
  <testcase classname="runner_Execution.Exceution" name="testCase11" time="30.183"/>
  <system-out/>
  <testcase classname="runner_Execution.Exceution" name="testCase11" time="30.210"/>
  <system-out/>
  <testcase classname="runner_Execution.Exceution" name="testCase11" time="30.204"/>
  <system-out/>
  <testcase classname="runner_Execution.Exceution" name="testCase11" time="30.195"/>
  <system-out/>
  <testcase classname="runner_Execution.Exceution" name="testCase11" time="30.201"/>
  <system-out/>
  <testcase classname="runner_Execution.Exceution" name="testCase11" time="33.177"/>
  <system-out/>
  <testcase classname="runner_Execution.Exceution" name="testCase11" time="30.150"/>
  <system-out/>
  <testcase classname="runner_Execution.Exceution" name="testCase11" time="33.376"/>
  <system-out/>
  <testcase classname="runner_Execution.Exceution" name="testCase11" time="33.675"/>
  <system-out/>
  <testcase classname="runner_Execution.Exceution" name="testCase11" time="30.114"/>
  <system-out/>
  <testcase classname="runner_Execution.Exceution" name="testCase11" time="30.146"/>
  <system-out/>
  <testcase classname="runner_Execution.Exceution" name="testCase11" time="30.183"/>
  <system-out/>
  <testcase classname="runner_Execution.Exceution" name="testCase11" time="30.138"/>
  <system-out/>
  <testcase classname="runner_Execution.Exceution" name="testCase11" time="30.191"/>
  <system-out/>
  <testcase classname="runner_Execution.Exceution" name="testCase11" time="30.176"/>
  <system-out/>
  <testcase classname="runner_Execution.Exceution" name="testCase11" time="30.122"/>
  <system-out/>
  <testcase classname="runner_Execution.Exceution" name="testCase11" time="30.173"/>
  <system-out/>
  <testcase classname="runner_Execution.Exceution" name="testCase1">
    <skipped/>
  </testcase> <!-- testCase1 -->
  <system-out/>
  <testcase classname="runner_Execution.Exceution" name="testCase2">
    <skipped/>
  </testcase> <!-- testCase2 -->
  <system-out/>
  <testcase classname="runner_Execution.Exceution" name="testCase3">
    <skipped/>
  </testcase> <!-- testCase3 -->
  <system-out/>
  <testcase classname="runner_Execution.Exceution" name="testCase4">
    <skipped/>
  </testcase> <!-- testCase4 -->
  <system-out/>
  <testcase classname="runner_Execution.Exceution" name="testCaseGrade">
    <skipped/>
  </testcase> <!-- testCaseGrade -->
  <system-out/>
  <testcase classname="runner_Execution.Exceution" name="testCase6">
    <skipped/>
  </testcase> <!-- testCase6 -->
  <system-out/>
  <testcase classname="runner_Execution.Exceution" name="testCasePaperMark">
    <skipped/>
  </testcase> <!-- testCasePaperMark -->
  <system-out/>
  <testcase classname="runner_Execution.Exceution" name="testReadPdfDataWriteExcel">
    <skipped/>
  </testcase> <!-- testReadPdfDataWriteExcel -->
  <system-out/>
  <testcase classname="runner_Execution.Exceution" name="compareExcelData">
    <skipped/>
  </testcase> <!-- compareExcelData -->
  <system-out/>
</testsuite> <!-- runner_Execution.Exceution -->
