<?xml version="1.0" encoding="UTF-8"?>
<!-- Generated by org.testng.reporters.JUnitReportReporter -->
<testsuite hostname="DESKTOP-QRJIP05" failures="0" tests="20" name="runner_Execution.Exceution" time="369.380" errors="0" timestamp="2025-03-07T18:59:17 IST" skipped="9">
  <testcase classname="runner_Execution.Exceution" name="testCase11" time="33.591"/>
  <system-out/>
  <testcase classname="runner_Execution.Exceution" name="testCase11" time="33.732"/>
  <system-out/>
  <testcase classname="runner_Execution.Exceution" name="testCase11" time="33.325"/>
  <system-out/>
  <testcase classname="runner_Execution.Exceution" name="testCase11" time="33.376"/>
  <system-out/>
  <testcase classname="runner_Execution.Exceution" name="testCase11" time="33.546"/>
  <system-out/>
  <testcase classname="runner_Execution.Exceution" name="testCase11" time="33.560"/>
  <system-out/>
  <testcase classname="runner_Execution.Exceution" name="testCase11" time="33.573"/>
  <system-out/>
  <testcase classname="runner_Execution.Exceution" name="testCase11" time="33.652"/>
  <system-out/>
  <testcase classname="runner_Execution.Exceution" name="testCase11" time="33.409"/>
  <system-out/>
  <testcase classname="runner_Execution.Exceution" name="testCase11" time="34.135"/>
  <system-out/>
  <testcase classname="runner_Execution.Exceution" name="testCase11" time="33.481"/>
  <system-out/>
  <testcase classname="runner_Execution.Exceution" name="testCase1">
    <skipped/>
  </testcase> <!-- testCase1 -->
  <system-out/>
  <testcase classname="runner_Execution.Exceution" name="testCase2">
    <skipped/>
  </testcase> <!-- testCase2 -->
  <system-out/>
  <testcase classname="runner_Execution.Exceution" name="testCase3">
    <skipped/>
  </testcase> <!-- testCase3 -->
  <system-out/>
  <testcase classname="runner_Execution.Exceution" name="testCase4">
    <skipped/>
  </testcase> <!-- testCase4 -->
  <system-out/>
  <testcase classname="runner_Execution.Exceution" name="testCaseGrade">
    <skipped/>
  </testcase> <!-- testCaseGrade -->
  <system-out/>
  <testcase classname="runner_Execution.Exceution" name="testCase6">
    <skipped/>
  </testcase> <!-- testCase6 -->
  <system-out/>
  <testcase classname="runner_Execution.Exceution" name="testCasePaperMark">
    <skipped/>
  </testcase> <!-- testCasePaperMark -->
  <system-out/>
  <testcase classname="runner_Execution.Exceution" name="testReadPdfDataWriteExcel">
    <skipped/>
  </testcase> <!-- testReadPdfDataWriteExcel -->
  <system-out/>
  <testcase classname="runner_Execution.Exceution" name="compareExcelData">
    <skipped/>
  </testcase> <!-- compareExcelData -->
  <system-out/>
</testsuite> <!-- runner_Execution.Exceution -->
