<?xml version="1.0" encoding="UTF-8"?>
<!-- Generated by org.testng.reporters.JUnitReportReporter -->
<testsuite hostname="DESKTOP-EQ55Q8H" failures="0" tests="9" name="runner_Execution.Exceution" time="2.503" errors="0" timestamp="2025-02-19T01:20:08 IST" skipped="7">
  <testcase classname="runner_Execution.Exceution" name="testCase3" time="1.301"/>
  <system-out/>
  <testcase classname="runner_Execution.Exceution" name="testReadPdfData" time="1.202"/>
  <system-out/>
  <testcase classname="runner_Execution.Exceution" name="testCase1">
    <skipped/>
  </testcase> <!-- testCase1 -->
  <system-out/>
  <testcase classname="runner_Execution.Exceution" name="testCase2">
    <skipped/>
  </testcase> <!-- testCase2 -->
  <system-out/>
  <testcase classname="runner_Execution.Exceution" name="testCase4">
    <skipped/>
  </testcase> <!-- testCase4 -->
  <system-out/>
  <testcase classname="runner_Execution.Exceution" name="testCaseGrade">
    <skipped/>
  </testcase> <!-- testCaseGrade -->
  <system-out/>
  <testcase classname="runner_Execution.Exceution" name="testCase6">
    <skipped/>
  </testcase> <!-- testCase6 -->
  <system-out/>
  <testcase classname="runner_Execution.Exceution" name="testCasePaperMark">
    <skipped/>
  </testcase> <!-- testCasePaperMark -->
  <system-out/>
  <testcase classname="runner_Execution.Exceution" name="compareExcelData">
    <skipped/>
  </testcase> <!-- compareExcelData -->
  <system-out/>
</testsuite> <!-- runner_Execution.Exceution -->
