<?xml version="1.0" encoding="UTF-8"?>
<!-- Generated by org.testng.reporters.JUnitReportReporter -->
<testsuite hostname="DESKTOP-QRJIP05" failures="0" tests="36" name="runner_Execution.Exceution" time="899.078" errors="0" timestamp="2025-03-06T17:19:55 IST" skipped="9">
  <testcase classname="runner_Execution.Exceution" name="testCase11" time="33.385"/>
  <system-out/>
  <testcase classname="runner_Execution.Exceution" name="testCase11" time="33.339"/>
  <system-out/>
  <testcase classname="runner_Execution.Exceution" name="testCase11" time="33.458"/>
  <system-out/>
  <testcase classname="runner_Execution.Exceution" name="testCase11" time="33.365"/>
  <system-out/>
  <testcase classname="runner_Execution.Exceution" name="testCase11" time="33.341"/>
  <system-out/>
  <testcase classname="runner_Execution.Exceution" name="testCase11" time="33.261"/>
  <system-out/>
  <testcase classname="runner_Execution.Exceution" name="testCase11" time="33.334"/>
  <system-out/>
  <testcase classname="runner_Execution.Exceution" name="testCase11" time="33.210"/>
  <system-out/>
  <testcase classname="runner_Execution.Exceution" name="testCase11" time="33.316"/>
  <system-out/>
  <testcase classname="runner_Execution.Exceution" name="testCase11" time="33.289"/>
  <system-out/>
  <testcase classname="runner_Execution.Exceution" name="testCase11" time="33.229"/>
  <system-out/>
  <testcase classname="runner_Execution.Exceution" name="testCase11" time="33.347"/>
  <system-out/>
  <testcase classname="runner_Execution.Exceution" name="testCase11" time="33.472"/>
  <system-out/>
  <testcase classname="runner_Execution.Exceution" name="testCase11" time="33.191"/>
  <system-out/>
  <testcase classname="runner_Execution.Exceution" name="testCase11" time="33.155"/>
  <system-out/>
  <testcase classname="runner_Execution.Exceution" name="testCase11" time="33.607"/>
  <system-out/>
  <testcase classname="runner_Execution.Exceution" name="testCase11" time="33.321"/>
  <system-out/>
  <testcase classname="runner_Execution.Exceution" name="testCase11" time="33.244"/>
  <system-out/>
  <testcase classname="runner_Execution.Exceution" name="testCase11" time="33.142"/>
  <system-out/>
  <testcase classname="runner_Execution.Exceution" name="testCase11" time="33.029"/>
  <system-out/>
  <testcase classname="runner_Execution.Exceution" name="testCase11" time="33.522"/>
  <system-out/>
  <testcase classname="runner_Execution.Exceution" name="testCase11" time="33.155"/>
  <system-out/>
  <testcase classname="runner_Execution.Exceution" name="testCase11" time="33.168"/>
  <system-out/>
  <testcase classname="runner_Execution.Exceution" name="testCase11" time="33.344"/>
  <system-out/>
  <testcase classname="runner_Execution.Exceution" name="testCase11" time="33.573"/>
  <system-out/>
  <testcase classname="runner_Execution.Exceution" name="testCase11" time="32.956"/>
  <system-out/>
  <testcase classname="runner_Execution.Exceution" name="testCase11" time="33.325"/>
  <system-out/>
  <testcase classname="runner_Execution.Exceution" name="testCase1">
    <skipped/>
  </testcase> <!-- testCase1 -->
  <system-out/>
  <testcase classname="runner_Execution.Exceution" name="testCase2">
    <skipped/>
  </testcase> <!-- testCase2 -->
  <system-out/>
  <testcase classname="runner_Execution.Exceution" name="testCase3">
    <skipped/>
  </testcase> <!-- testCase3 -->
  <system-out/>
  <testcase classname="runner_Execution.Exceution" name="testCase4">
    <skipped/>
  </testcase> <!-- testCase4 -->
  <system-out/>
  <testcase classname="runner_Execution.Exceution" name="testCaseGrade">
    <skipped/>
  </testcase> <!-- testCaseGrade -->
  <system-out/>
  <testcase classname="runner_Execution.Exceution" name="testCase6">
    <skipped/>
  </testcase> <!-- testCase6 -->
  <system-out/>
  <testcase classname="runner_Execution.Exceution" name="testCasePaperMark">
    <skipped/>
  </testcase> <!-- testCasePaperMark -->
  <system-out/>
  <testcase classname="runner_Execution.Exceution" name="testReadPdfDataWriteExcel">
    <skipped/>
  </testcase> <!-- testReadPdfDataWriteExcel -->
  <system-out/>
  <testcase classname="runner_Execution.Exceution" name="compareExcelData">
    <skipped/>
  </testcase> <!-- compareExcelData -->
  <system-out/>
</testsuite> <!-- runner_Execution.Exceution -->
