<?xml version="1.0" encoding="UTF-8"?>
<!-- Generated by org.testng.reporters.JUnitReportReporter -->
<testsuite hostname="DESKTOP-QRJIP05" failures="0" tests="9" name="runner_Execution.Exceution" time="78.188" errors="0" timestamp="2025-02-19T14:47:16 IST" skipped="7">
  <testcase classname="runner_Execution.Exceution" name="testCase3" time="2.893"/>
  <testcase classname="runner_Execution.Exceution" name="testReadPdfData" time="75.295"/>
  <testcase classname="runner_Execution.Exceution" name="testCase6">
    <skipped/>
  </testcase> <!-- testCase6 -->
  <testcase classname="runner_Execution.Exceution" name="testCaseGrade">
    <skipped/>
  </testcase> <!-- testCaseGrade -->
  <testcase classname="runner_Execution.Exceution" name="testCase2">
    <skipped/>
  </testcase> <!-- testCase2 -->
  <testcase classname="runner_Execution.Exceution" name="testCase1">
    <skipped/>
  </testcase> <!-- testCase1 -->
  <testcase classname="runner_Execution.Exceution" name="testCase4">
    <skipped/>
  </testcase> <!-- testCase4 -->
  <testcase classname="runner_Execution.Exceution" name="testCasePaperMark">
    <skipped/>
  </testcase> <!-- testCasePaperMark -->
  <testcase classname="runner_Execution.Exceution" name="compareExcelData">
    <skipped/>
  </testcase> <!-- compareExcelData -->
</testsuite> <!-- runner_Execution.Exceution -->
