<?xml version="1.0" encoding="UTF-8"?>
<!-- Generated by org.testng.reporters.JUnitReportReporter -->
<testsuite hostname="DESKTOP-QRJIP05" failures="0" tests="12" name="runner_Execution.Exceution" time="218.943" errors="0" timestamp="2025-02-17T12:39:00 IST" skipped="5">
  <testcase classname="runner_Execution.Exceution" name="testCase3" time="2.928"/>
  <testcase classname="runner_Execution.Exceution" name="testCase" time="33.763"/>
  <testcase classname="runner_Execution.Exceution" name="testCase" time="43.551"/>
  <testcase classname="runner_Execution.Exceution" name="testCase" time="35.011"/>
  <testcase classname="runner_Execution.Exceution" name="testCase" time="34.869"/>
  <testcase classname="runner_Execution.Exceution" name="testCase" time="34.297"/>
  <testcase classname="runner_Execution.Exceution" name="testCase" time="34.524"/>
  <testcase classname="runner_Execution.Exceution" name="testCase4">
    <skipped/>
  </testcase> <!-- testCase4 -->
  <testcase classname="runner_Execution.Exceution" name="testCase6">
    <skipped/>
  </testcase> <!-- testCase6 -->
  <testcase classname="runner_Execution.Exceution" name="testCase2">
    <skipped/>
  </testcase> <!-- testCase2 -->
  <testcase classname="runner_Execution.Exceution" name="testCase1">
    <skipped/>
  </testcase> <!-- testCase1 -->
  <testcase classname="runner_Execution.Exceution" name="compareExcelData">
    <skipped/>
  </testcase> <!-- compareExcelData -->
</testsuite> <!-- runner_Execution.Exceution -->
